TN:
SF:/home/travis/build/coveo/search-ui/src/utils/Dom.ts
FN:19,(anonymous_9)
FN:34,Dom
FN:49,(anonymous_11)
FN:61,(anonymous_12)
FN:79,(anonymous_13)
FN:88,(anonymous_14)
FN:100,(anonymous_15)
FN:118,(anonymous_16)
FN:130,(anonymous_17)
FN:139,(anonymous_18)
FN:148,(anonymous_19)
FN:156,(anonymous_20)
FN:164,(anonymous_21)
FN:174,(anonymous_22)
FN:195,(anonymous_23)
FN:215,(anonymous_24)
FN:224,(anonymous_25)
FN:233,(anonymous_26)
FN:242,(anonymous_27)
FN:267,(anonymous_28)
FN:277,(anonymous_29)
FN:291,(anonymous_30)
FN:305,(anonymous_31)
FN:313,(anonymous_32)
FN:326,(anonymous_33)
FN:341,(anonymous_34)
FN:350,(anonymous_35)
FN:361,(anonymous_36)
FN:371,(anonymous_37)
FN:373,(anonymous_38)
FN:391,(anonymous_39)
FN:400,(anonymous_40)
FN:420,(anonymous_41)
FN:428,(anonymous_42)
FN:443,(anonymous_43)
FN:450,(anonymous_44)
FN:458,(anonymous_45)
FN:466,(anonymous_46)
FN:474,(anonymous_47)
FN:489,(anonymous_48)
FN:491,(anonymous_49)
FN:500,(anonymous_50)
FN:525,(anonymous_51)
FN:527,(anonymous_52)
FN:532,(anonymous_53)
FN:547,(anonymous_54)
FN:549,(anonymous_55)
FN:573,(anonymous_56)
FN:593,(anonymous_57)
FN:601,(anonymous_58)
FN:609,(anonymous_59)
FN:624,(anonymous_60)
FN:636,(anonymous_61)
FN:671,(anonymous_62)
FN:689,(anonymous_63)
FN:712,(anonymous_64)
FN:719,(anonymous_65)
FN:728,(anonymous_66)
FN:732,(anonymous_67)
FN:738,(anonymous_68)
FN:742,(anonymous_69)
FN:752,(anonymous_70)
FN:777,(anonymous_71)
FN:782,(anonymous_72)
FN:783,Win
FN:785,(anonymous_74)
FN:789,(anonymous_75)
FN:793,(anonymous_76)
FN:799,(anonymous_77)
FN:805,(anonymous_78)
FN:809,(anonymous_79)
FN:814,(anonymous_80)
FN:815,Doc
FN:817,(anonymous_82)
FN:822,(anonymous_83)
FN:839,$$
FNF:76
FNH:66
FNDA:1,(anonymous_9)
FNDA:325405,Dom
FNDA:36813,(anonymous_11)
FNDA:10627,(anonymous_12)
FNDA:11234,(anonymous_13)
FNDA:406,(anonymous_14)
FNDA:6979,(anonymous_15)
FNDA:88286,(anonymous_16)
FNDA:1055,(anonymous_17)
FNDA:131,(anonymous_18)
FNDA:452,(anonymous_19)
FNDA:1073,(anonymous_20)
FNDA:4,(anonymous_21)
FNDA:451,(anonymous_22)
FNDA:40,(anonymous_23)
FNDA:129350,(anonymous_24)
FNDA:16045,(anonymous_25)
FNDA:7868,(anonymous_26)
FNDA:2072,(anonymous_27)
FNDA:2145,(anonymous_28)
FNDA:356,(anonymous_29)
FNDA:57,(anonymous_30)
FNDA:37,(anonymous_31)
FNDA:0,(anonymous_32)
FNDA:0,(anonymous_33)
FNDA:87877,(anonymous_34)
FNDA:372,(anonymous_35)
FNDA:0,(anonymous_36)
FNDA:33853,(anonymous_37)
FNDA:1279,(anonymous_38)
FNDA:4843,(anonymous_39)
FNDA:4182,(anonymous_40)
FNDA:21,(anonymous_41)
FNDA:124732,(anonymous_42)
FNDA:124728,(anonymous_43)
FNDA:278,(anonymous_44)
FNDA:806,(anonymous_45)
FNDA:1014,(anonymous_46)
FNDA:907,(anonymous_47)
FNDA:67477,(anonymous_48)
FNDA:4605,(anonymous_49)
FNDA:2734,(anonymous_50)
FNDA:897,(anonymous_51)
FNDA:0,(anonymous_52)
FNDA:185,(anonymous_53)
FNDA:230,(anonymous_54)
FNDA:6,(anonymous_55)
FNDA:6452,(anonymous_56)
FNDA:10,(anonymous_57)
FNDA:8,(anonymous_58)
FNDA:0,(anonymous_59)
FNDA:13,(anonymous_60)
FNDA:31,(anonymous_61)
FNDA:31,(anonymous_62)
FNDA:155,(anonymous_63)
FNDA:62,(anonymous_64)
FNDA:4,(anonymous_65)
FNDA:1020,(anonymous_66)
FNDA:3,(anonymous_67)
FNDA:72873,(anonymous_68)
FNDA:73770,(anonymous_69)
FNDA:2458,(anonymous_70)
FNDA:0,(anonymous_71)
FNDA:1,(anonymous_72)
FNDA:19,Win
FNDA:17,(anonymous_74)
FNDA:0,(anonymous_75)
FNDA:19,(anonymous_76)
FNDA:0,(anonymous_77)
FNDA:0,(anonymous_78)
FNDA:19,(anonymous_79)
FNDA:1,(anonymous_80)
FNDA:33,Doc
FNDA:33,(anonymous_82)
FNDA:0,(anonymous_83)
FNDA:349179,$$
DA:1,1
DA:2,1
DA:3,1
DA:5,1
DA:6,1
DA:19,1
DA:20,1
DA:21,1
DA:26,1
DA:34,1
DA:35,325405
DA:36,325403
DA:39,1
DA:49,47440
DA:50,36813
DA:52,36813
DA:53,38536
DA:54,24281
DA:56,14255
DA:57,14255
DA:61,36813
DA:62,10627
DA:63,840
DA:64,9787
DA:65,8377
DA:66,1410
DA:67,1399
DA:71,36813
DA:79,1
DA:80,11234
DA:88,1
DA:89,406
DA:90,38
DA:92,368
DA:100,1
DA:101,6979
DA:102,2058
DA:104,4921
DA:105,4921
DA:106,0
DA:107,0
DA:118,1
DA:119,88286
DA:120,88286
DA:121,88286
DA:122,4345
DA:124,88286
DA:130,1
DA:131,1055
DA:132,623
DA:139,1
DA:140,131
DA:141,84
DA:148,1
DA:149,452
DA:150,452
DA:156,1
DA:157,1073
DA:158,1073
DA:164,1
DA:165,4
DA:166,4
DA:174,1
DA:175,451
DA:176,0
DA:177,0
DA:179,0
DA:182,451
DA:183,100
DA:185,351
DA:195,1
DA:196,40
DA:197,13
DA:200,27
DA:201,4
DA:204,23
DA:205,5
DA:208,18
DA:215,1
DA:216,129350
DA:224,1
DA:225,16045
DA:233,1
DA:234,7868
DA:242,1
DA:243,2072
DA:244,1052
DA:246,1020
DA:247,1008
DA:248,44
DA:252,976
DA:253,3
DA:254,2
DA:258,974
DA:267,1
DA:268,2145
DA:277,1
DA:278,356
DA:279,43
DA:281,313
DA:291,1
DA:292,57
DA:293,57
DA:294,57
DA:295,9
DA:296,9
DA:298,57
DA:305,1
DA:306,37
DA:313,1
DA:314,0
DA:315,0
DA:316,0
DA:317,0
DA:318,0
DA:319,0
DA:323,0
DA:326,1
DA:327,0
DA:328,0
DA:329,0
DA:330,0
DA:333,0
DA:341,1
DA:342,87877
DA:350,1
DA:351,372
DA:352,372
DA:361,1
DA:362,0
DA:371,33853
DA:372,33853
DA:373,639
DA:374,1279
DA:377,33214
DA:378,29566
DA:379,21424
DA:381,8142
DA:391,1
DA:392,4843
DA:400,1
DA:401,4182
DA:402,4
DA:403,1
DA:405,3
DA:408,4178
DA:409,1109
DA:411,3069
DA:420,1
DA:421,21
DA:428,1
DA:430,124732
DA:431,124732
DA:432,114326
DA:434,10406
DA:443,1
DA:444,124728
DA:450,1
DA:451,278
DA:458,1
DA:459,806
DA:466,1
DA:467,1014
DA:474,1
DA:475,907
DA:476,807
DA:478,100
DA:489,67477
DA:490,67477
DA:491,1284
DA:492,4605
DA:495,66193
DA:496,66193
DA:497,66193
DA:498,148
DA:499,66045
DA:500,66045
DA:501,2734
DA:503,66045
DA:506,66045
DA:507,2506
DA:509,63539
DA:511,0
DA:512,0
DA:525,897
DA:526,897
DA:527,0
DA:528,0
DA:531,897
DA:532,897
DA:533,185
DA:534,185
DA:536,897
DA:547,230
DA:548,230
DA:549,2
DA:550,6
DA:553,228
DA:554,228
DA:555,228
DA:556,6
DA:557,222
DA:558,222
DA:559,222
DA:560,221
DA:562,0
DA:563,0
DA:573,1
DA:574,6452
DA:575,6452
DA:576,8
DA:577,6444
DA:578,6441
DA:579,6441
DA:581,3
DA:582,3
DA:584,0
DA:593,1
DA:594,10
DA:601,1
DA:602,8
DA:609,1
DA:610,0
DA:611,0
DA:612,0
DA:613,0
DA:615,0
DA:617,0
DA:624,1
DA:625,13
DA:626,13
DA:627,13
DA:629,13
DA:636,1
DA:637,31
DA:638,31
DA:639,31
DA:641,31
DA:642,0
DA:645,31
DA:646,31
DA:647,31
DA:648,31
DA:650,31
DA:655,31
DA:656,31
DA:657,31
DA:658,31
DA:660,31
DA:671,1
DA:672,31
DA:674,31
DA:676,0
DA:679,31
DA:680,31
DA:682,0
DA:689,1
DA:691,155
DA:692,149
DA:695,6
DA:697,6
DA:698,6
DA:699,6
DA:701,6
DA:706,0
DA:712,1
DA:713,62
DA:719,1
DA:720,4
DA:728,1020
DA:729,1020
DA:732,1
DA:733,3
DA:734,3
DA:735,3
DA:738,1
DA:739,72873
DA:742,1
DA:746,73770
DA:747,72777
DA:749,993
DA:752,2458
DA:753,2458
DA:754,693
DA:756,2458
DA:757,2458
DA:758,5436
DA:759,1840
DA:761,5436
DA:762,0
DA:764,5436
DA:765,2314
DA:767,3122
DA:768,2978
DA:771,2458
DA:772,1840
DA:774,618
DA:777,1
DA:778,0
DA:780,1
DA:782,1
DA:783,19
DA:785,1
DA:786,17
DA:789,1
DA:790,0
DA:793,1
DA:794,19
DA:799,1
DA:800,0
DA:805,1
DA:806,0
DA:809,1
DA:810,19
DA:812,1
DA:814,1
DA:815,33
DA:817,1
DA:818,33
DA:819,33
DA:822,1
DA:823,0
DA:824,0
DA:826,1
DA:839,736697
DA:840,349179
DA:841,24728
DA:842,324451
DA:843,287902
DA:845,36549
LF:330
LH:288
BRDA:53,1,0,24281
BRDA:53,1,1,14255
BRDA:56,2,0,2955
BRDA:56,2,1,11300
BRDA:62,3,0,840
BRDA:62,3,1,9787
BRDA:64,4,0,8377
BRDA:64,4,1,1410
BRDA:66,5,0,1399
BRDA:66,5,1,11
BRDA:89,6,0,38
BRDA:89,6,1,368
BRDA:101,7,0,2058
BRDA:101,7,1,4921
BRDA:102,8,0,2058
BRDA:102,8,1,305
BRDA:104,9,0,4921
BRDA:104,9,1,0
BRDA:106,10,0,0
BRDA:106,10,1,0
BRDA:140,11,0,84
BRDA:140,11,1,47
BRDA:175,12,0,0
BRDA:175,12,1,451
BRDA:176,13,0,0
BRDA:176,13,1,0
BRDA:182,14,0,100
BRDA:182,14,1,351
BRDA:196,15,0,13
BRDA:196,15,1,27
BRDA:200,16,0,4
BRDA:200,16,1,23
BRDA:204,17,0,5
BRDA:204,17,1,18
BRDA:243,18,0,1052
BRDA:243,18,1,1020
BRDA:246,19,0,1008
BRDA:246,19,1,12
BRDA:247,20,0,44
BRDA:247,20,1,964
BRDA:252,21,0,3
BRDA:252,21,1,973
BRDA:253,22,0,2
BRDA:253,22,1,1
BRDA:278,23,0,43
BRDA:278,23,1,313
BRDA:317,24,0,0
BRDA:317,24,1,0
BRDA:318,25,0,0
BRDA:318,25,1,0
BRDA:318,26,0,0
BRDA:318,26,1,0
BRDA:329,27,0,0
BRDA:329,27,1,0
BRDA:351,28,0,372
BRDA:351,28,1,0
BRDA:372,29,0,639
BRDA:372,29,1,33214
BRDA:377,30,0,29566
BRDA:377,30,1,3648
BRDA:378,31,0,21424
BRDA:378,31,1,8142
BRDA:401,32,0,4
BRDA:401,32,1,4178
BRDA:402,33,0,1
BRDA:402,33,1,3
BRDA:408,34,0,1109
BRDA:408,34,1,3069
BRDA:431,35,0,114326
BRDA:431,35,1,10406
BRDA:431,36,0,124732
BRDA:431,36,1,114326
BRDA:432,37,0,114326
BRDA:432,37,1,0
BRDA:451,38,0,278
BRDA:451,38,1,163
BRDA:459,39,0,806
BRDA:459,39,1,798
BRDA:467,40,0,1014
BRDA:467,40,1,979
BRDA:475,41,0,807
BRDA:475,41,1,100
BRDA:490,42,0,1284
BRDA:490,42,1,66193
BRDA:497,43,0,148
BRDA:497,43,1,66045
BRDA:499,44,0,66045
BRDA:499,44,1,0
BRDA:506,45,0,2506
BRDA:506,45,1,63539
BRDA:506,46,0,66045
BRDA:506,46,1,65072
BRDA:511,47,0,0
BRDA:511,47,1,0
BRDA:526,48,0,0
BRDA:526,48,1,897
BRDA:548,49,0,2
BRDA:548,49,1,228
BRDA:555,50,0,6
BRDA:555,50,1,222
BRDA:557,51,0,222
BRDA:557,51,1,0
BRDA:559,52,0,221
BRDA:559,52,1,1
BRDA:562,53,0,0
BRDA:562,53,1,0
BRDA:575,54,0,8
BRDA:575,54,1,6444
BRDA:577,55,0,6441
BRDA:577,55,1,3
BRDA:602,56,0,8
BRDA:602,56,1,8
BRDA:612,57,0,0
BRDA:612,57,1,0
BRDA:626,58,0,13
BRDA:626,58,1,0
BRDA:641,59,0,0
BRDA:641,59,1,31
BRDA:647,60,0,31
BRDA:647,60,1,0
BRDA:648,61,0,31
BRDA:648,61,1,0
BRDA:657,62,0,31
BRDA:657,62,1,0
BRDA:658,63,0,31
BRDA:658,63,1,0
BRDA:674,64,0,31
BRDA:674,64,1,0
BRDA:679,65,0,31
BRDA:679,65,1,0
BRDA:691,66,0,149
BRDA:691,66,1,6
BRDA:697,67,0,6
BRDA:697,67,1,0
BRDA:697,68,0,6
BRDA:697,68,1,0
BRDA:728,69,0,0
BRDA:728,69,1,1020
BRDA:739,70,0,72873
BRDA:739,70,1,185
BRDA:746,71,0,72777
BRDA:746,71,1,993
BRDA:752,72,0,0
BRDA:752,72,1,2458
BRDA:753,73,0,693
BRDA:753,73,1,1765
BRDA:758,74,0,1840
BRDA:758,74,1,3596
BRDA:761,75,0,0
BRDA:761,75,1,5436
BRDA:764,76,0,2314
BRDA:764,76,1,3122
BRDA:767,77,0,2978
BRDA:767,77,1,144
BRDA:771,78,0,1840
BRDA:771,78,1,618
BRDA:795,79,0,19
BRDA:795,79,1,0
BRDA:796,80,0,0
BRDA:796,80,1,0
BRDA:801,81,0,0
BRDA:801,81,1,0
BRDA:802,82,0,0
BRDA:802,82,1,0
BRDA:806,83,0,0
BRDA:806,83,1,0
BRDA:840,84,0,24728
BRDA:840,84,1,324451
BRDA:840,85,0,349179
BRDA:840,85,1,321461
BRDA:842,86,0,287902
BRDA:842,86,1,36549
BRDA:842,87,0,324451
BRDA:842,87,1,296733
BRF:174
BRH:127
end_of_record
TN:
SF:/home/travis/build/coveo/search-ui/src/utils/Utils.ts
FN:7,(anonymous_652)
FN:8,(anonymous_654)
FN:12,(anonymous_655)
FN:16,(anonymous_656)
FN:20,(anonymous_657)
FN:24,(anonymous_658)
FN:28,(anonymous_659)
FN:32,(anonymous_660)
FN:36,(anonymous_661)
FN:40,(anonymous_662)
FN:44,(anonymous_663)
FN:48,(anonymous_664)
FN:52,(anonymous_665)
FN:56,(anonymous_666)
FN:65,(anonymous_667)
FN:73,(anonymous_668)
FN:83,(anonymous_669)
FN:87,(anonymous_670)
FN:106,(anonymous_671)
FN:113,(anonymous_672)
FN:125,(anonymous_673)
FN:126,(anonymous_674)
FN:131,(anonymous_675)
FN:156,(anonymous_676)
FN:161,(anonymous_677)
FN:167,(anonymous_678)
FN:171,(anonymous_679)
FN:175,(anonymous_680)
FN:180,(anonymous_681)
FN:190,(anonymous_682)
FN:205,(anonymous_683)
FN:215,(anonymous_684)
FN:250,(anonymous_685)
FN:254,(anonymous_686)
FN:259,(anonymous_687)
FN:279,(anonymous_688)
FN:288,(anonymous_689)
FN:301,(anonymous_690)
FN:305,(anonymous_691)
FN:320,(anonymous_692)
FN:324,(anonymous_693)
FN:329,(anonymous_694)
FN:332,(anonymous_695)
FN:334,(anonymous_696)
FN:337,(anonymous_697)
FN:343,(anonymous_698)
FN:351,(anonymous_699)
FN:366,(anonymous_700)
FN:367,(anonymous_701)
FN:370,(anonymous_702)
FN:371,(anonymous_703)
FN:375,(anonymous_704)
FN:388,(anonymous_705)
FN:389,(anonymous_706)
FN:400,(anonymous_707)
FN:401,(anonymous_708)
FN:414,(anonymous_709)
FN:422,(anonymous_710)
FN:425,(anonymous_711)
FNF:59
FNH:45
FNDA:1,(anonymous_652)
FNDA:501379,(anonymous_654)
FNDA:446284,(anonymous_655)
FNDA:490576,(anonymous_656)
FNDA:15348,(anonymous_657)
FNDA:7,(anonymous_658)
FNDA:688,(anonymous_659)
FNDA:4618,(anonymous_660)
FNDA:274080,(anonymous_661)
FNDA:875,(anonymous_662)
FNDA:8,(anonymous_663)
FNDA:9479,(anonymous_664)
FNDA:6470,(anonymous_665)
FNDA:77,(anonymous_666)
FNDA:3,(anonymous_667)
FNDA:1,(anonymous_668)
FNDA:0,(anonymous_669)
FNDA:15641,(anonymous_670)
FNDA:1067,(anonymous_671)
FNDA:1,(anonymous_672)
FNDA:14,(anonymous_673)
FNDA:7,(anonymous_674)
FNDA:648,(anonymous_675)
FNDA:466,(anonymous_676)
FNDA:56,(anonymous_677)
FNDA:73,(anonymous_678)
FNDA:1069,(anonymous_679)
FNDA:220,(anonymous_680)
FNDA:1588,(anonymous_681)
FNDA:19313,(anonymous_682)
FNDA:5,(anonymous_683)
FNDA:974,(anonymous_684)
FNDA:0,(anonymous_685)
FNDA:0,(anonymous_686)
FNDA:0,(anonymous_687)
FNDA:4774,(anonymous_688)
FNDA:26,(anonymous_689)
FNDA:97,(anonymous_690)
FNDA:7389,(anonymous_691)
FNDA:0,(anonymous_692)
FNDA:0,(anonymous_693)
FNDA:0,(anonymous_694)
FNDA:0,(anonymous_695)
FNDA:0,(anonymous_696)
FNDA:0,(anonymous_697)
FNDA:0,(anonymous_698)
FNDA:0,(anonymous_699)
FNDA:11302,(anonymous_700)
FNDA:1552,(anonymous_701)
FNDA:0,(anonymous_702)
FNDA:0,(anonymous_703)
FNDA:2,(anonymous_704)
FNDA:2,(anonymous_705)
FNDA:3,(anonymous_706)
FNDA:1,(anonymous_707)
FNDA:24,(anonymous_708)
FNDA:84357,(anonymous_709)
FNDA:8,(anonymous_710)
FNDA:16,(anonymous_711)
DA:2,1
DA:5,1
DA:7,2
DA:8,1
DA:9,501379
DA:12,1
DA:13,446284
DA:16,1
DA:17,490576
DA:20,1
DA:21,15348
DA:24,1
DA:25,7
DA:28,1
DA:29,688
DA:32,1
DA:33,4618
DA:36,1
DA:37,274080
DA:40,1
DA:41,875
DA:44,1
DA:45,8
DA:48,1
DA:49,9479
DA:52,1
DA:53,6470
DA:56,1
DA:57,77
DA:58,77
DA:61,0
DA:65,1
DA:66,3
DA:67,3
DA:69,0
DA:73,1
DA:74,1
DA:75,1
DA:76,1
DA:77,1
DA:79,0
DA:83,1
DA:84,0
DA:87,1
DA:88,15641
DA:89,87
DA:93,87
DA:97,0
DA:99,0
DA:102,15554
DA:106,1
DA:107,1067
DA:108,0
DA:110,1067
DA:113,1
DA:114,1
DA:115,1
DA:116,19
DA:117,12
DA:119,7
DA:122,1
DA:125,1
DA:126,14
DA:127,7
DA:131,1
DA:137,648
DA:138,634
DA:152,14
DA:156,904
DA:157,466
DA:158,438
DA:160,28
DA:161,28
DA:162,56
DA:167,1
DA:168,73
DA:171,1
DA:172,1069
DA:175,1
DA:176,220
DA:177,220
DA:180,1
DA:182,1588
DA:185,1588
DA:186,1011
DA:187,1011
DA:189,1011
DA:190,19313
DA:191,1011
DA:192,9
DA:196,1588
DA:205,1
DA:206,5
DA:207,10
DA:208,10
DA:209,4
DA:212,1
DA:215,1
DA:218,974
DA:219,0
DA:221,974
DA:222,974
DA:223,415
DA:225,974
DA:226,0
DA:230,974
DA:231,0
DA:234,974
DA:235,974
DA:236,974
DA:237,0
DA:238,0
DA:239,0
DA:242,974
DA:244,974
DA:245,503
DA:247,974
DA:250,1
DA:251,0
DA:252,0
DA:253,0
DA:254,0
DA:255,0
DA:256,0
DA:257,0
DA:259,0
DA:260,0
DA:261,0
DA:262,0
DA:264,0
DA:265,0
DA:266,0
DA:267,0
DA:268,0
DA:269,0
DA:270,0
DA:271,0
DA:272,0
DA:273,0
DA:275,0
DA:279,1
DA:280,4774
DA:281,4693
DA:283,4774
DA:284,4774
DA:285,4774
DA:286,24
DA:287,24
DA:288,24
DA:289,26
DA:290,24
DA:291,2
DA:292,0
DA:294,2
DA:295,2
DA:300,4750
DA:301,4750
DA:302,97
DA:305,4750
DA:306,7389
DA:307,7363
DA:309,26
DA:310,14
DA:312,12
DA:317,4774
DA:320,1
DA:321,0
DA:324,1
DA:325,0
DA:326,0
DA:329,1
DA:330,0
DA:331,0
DA:332,0
DA:333,0
DA:334,0
DA:335,0
DA:337,0
DA:338,0
DA:339,0
DA:341,0
DA:342,0
DA:343,0
DA:344,0
DA:345,0
DA:351,1
DA:352,0
DA:353,0
DA:354,0
DA:355,0
DA:356,0
DA:357,0
DA:359,0
DA:360,0
DA:363,0
DA:366,1
DA:367,11302
DA:370,1
DA:371,0
DA:375,1
DA:376,2
DA:377,2
DA:378,0
DA:379,0
DA:380,0
DA:381,0
DA:382,0
DA:384,0
DA:388,2
DA:389,2
DA:390,3
DA:391,2
DA:392,1
DA:393,0
DA:395,1
DA:400,1
DA:401,1
DA:402,24
DA:403,1
DA:404,0
DA:405,1
DA:406,0
DA:408,1
DA:414,1
DA:415,84357
DA:416,84357
DA:417,2136
DA:419,84357
DA:422,1
DA:423,8
DA:425,8
DA:426,16
DA:427,8
DA:428,8
DA:433,8
DA:434,8
DA:435,8
DA:437,1
LF:238
LH:166
BRDA:17,1,0,490576
BRDA:17,1,1,444453
BRDA:25,2,0,7
BRDA:25,2,1,0
BRDA:29,3,0,688
BRDA:29,3,1,0
BRDA:33,4,0,4618
BRDA:33,4,1,2581
BRDA:37,5,0,274080
BRDA:37,5,1,249565
BRDA:49,6,0,9479
BRDA:49,6,1,8900
BRDA:57,7,0,77
BRDA:57,7,1,0
BRDA:61,8,0,0
BRDA:61,8,1,0
BRDA:61,8,2,0
BRDA:66,9,0,3
BRDA:66,9,1,0
BRDA:76,10,0,1
BRDA:76,10,1,0
BRDA:88,11,0,87
BRDA:88,11,1,15554
BRDA:90,12,0,87
BRDA:90,12,1,87
BRDA:90,12,2,87
BRDA:90,12,3,0
BRDA:90,12,4,0
BRDA:90,12,5,0
BRDA:90,12,6,0
BRDA:107,13,0,0
BRDA:107,13,1,1067
BRDA:116,14,0,12
BRDA:116,14,1,7
BRDA:137,15,0,634
BRDA:137,15,1,14
BRDA:156,16,0,438
BRDA:156,16,1,28
BRDA:157,17,0,438
BRDA:157,17,1,28
BRDA:162,18,0,56
BRDA:162,18,1,38
BRDA:185,19,0,1011
BRDA:185,19,1,577
BRDA:189,20,0,1011
BRDA:189,20,1,0
BRDA:191,21,0,9
BRDA:191,21,1,1002
BRDA:208,22,0,4
BRDA:208,22,1,6
BRDA:218,23,0,0
BRDA:218,23,1,974
BRDA:222,24,0,415
BRDA:222,24,1,559
BRDA:225,25,0,0
BRDA:225,25,1,974
BRDA:230,26,0,0
BRDA:230,26,1,974
BRDA:238,27,0,0
BRDA:238,27,1,0
BRDA:244,28,0,503
BRDA:244,28,1,471
BRDA:250,29,0,0
BRDA:250,29,1,0
BRDA:255,30,0,0
BRDA:255,30,1,0
BRDA:261,31,0,0
BRDA:261,31,1,0
BRDA:261,32,0,0
BRDA:261,32,1,0
BRDA:267,33,0,0
BRDA:267,33,1,0
BRDA:272,34,0,0
BRDA:272,34,1,0
BRDA:272,35,0,0
BRDA:272,35,1,0
BRDA:280,36,0,4693
BRDA:280,36,1,81
BRDA:284,37,0,4774
BRDA:284,37,1,24
BRDA:284,37,2,4750
BRDA:285,38,0,24
BRDA:285,38,1,4750
BRDA:286,39,0,24
BRDA:286,39,1,0
BRDA:289,40,0,24
BRDA:289,40,1,2
BRDA:291,41,0,0
BRDA:291,41,1,2
BRDA:291,42,0,2
BRDA:291,42,1,1
BRDA:294,43,0,2
BRDA:294,43,1,0
BRDA:300,44,0,4750
BRDA:300,44,1,0
BRDA:300,45,0,4750
BRDA:300,45,1,4750
BRDA:300,45,2,4750
BRDA:306,46,0,7363
BRDA:306,46,1,26
BRDA:306,47,0,7389
BRDA:306,47,1,26
BRDA:309,48,0,14
BRDA:309,48,1,12
BRDA:320,49,0,0
BRDA:320,49,1,0
BRDA:333,50,0,0
BRDA:333,50,1,0
BRDA:341,51,0,0
BRDA:341,51,1,0
BRDA:359,52,0,0
BRDA:359,52,1,0
BRDA:376,53,0,2
BRDA:376,53,1,0
BRDA:378,54,0,0
BRDA:378,54,1,0
BRDA:378,55,0,0
BRDA:378,55,1,0
BRDA:390,56,0,2
BRDA:390,56,1,1
BRDA:390,57,0,3
BRDA:390,57,1,1
BRDA:392,58,0,0
BRDA:392,58,1,1
BRDA:402,59,0,1
BRDA:402,59,1,23
BRDA:403,60,0,0
BRDA:403,60,1,1
BRDA:403,61,0,1
BRDA:403,61,1,1
BRDA:405,62,0,0
BRDA:405,62,1,1
BRDA:416,63,0,2136
BRDA:416,63,1,82221
BRDA:416,64,0,84357
BRDA:416,64,1,84357
BRDA:427,65,0,8
BRDA:427,65,1,0
BRDA:427,66,0,8
BRDA:427,66,1,8
BRF:140
BRH:86
end_of_record
TN:
SF:/home/travis/build/coveo/search-ui/src/ui/Base/Component.ts
FN:63,(anonymous_718)
FN:108,Component
FN:117,(anonymous_720)
FN:130,(anonymous_721)
FN:142,(anonymous_722)
FN:146,(anonymous_723)
FN:150,(anonymous_724)
FN:155,(anonymous_725)
FN:159,(anonymous_726)
FN:163,(anonymous_727)
FN:167,(anonymous_728)
FN:171,(anonymous_729)
FN:176,(anonymous_730)
FN:180,(anonymous_731)
FN:181,(anonymous_732)
FN:199,(anonymous_733)
FN:221,(anonymous_734)
FN:227,(anonymous_735)
FN:238,(anonymous_736)
FN:269,(anonymous_737)
FN:272,(anonymous_738)
FN:289,(anonymous_739)
FN:294,ComponentEvents
FN:308,(anonymous_741)
FN:328,(anonymous_742)
FN:344,(anonymous_743)
FN:355,(anonymous_744)
FN:366,(anonymous_745)
FN:377,(anonymous_746)
FN:389,(anonymous_747)
FN:401,(anonymous_748)
FN:402,(anonymous_749)
FN:418,(anonymous_750)
FN:419,(anonymous_751)
FN:437,(anonymous_752)
FN:441,(anonymous_753)
FN:445,(anonymous_754)
FNF:37
FNH:36
FNDA:1,(anonymous_718)
FNDA:3975,Component
FNDA:179,(anonymous_720)
FNDA:263,(anonymous_721)
FNDA:21,(anonymous_722)
FNDA:104,(anonymous_723)
FNDA:50,(anonymous_724)
FNDA:50,(anonymous_725)
FNDA:50,(anonymous_726)
FNDA:50,(anonymous_727)
FNDA:50,(anonymous_728)
FNDA:58,(anonymous_729)
FNDA:1,(anonymous_730)
FNDA:3975,(anonymous_731)
FNDA:0,(anonymous_732)
FNDA:4559,(anonymous_733)
FNDA:628,(anonymous_734)
FNDA:1136,(anonymous_735)
FNDA:411,(anonymous_736)
FNDA:1018,(anonymous_737)
FNDA:1020,(anonymous_738)
FNDA:1,(anonymous_739)
FNDA:3977,ComponentEvents
FNDA:8989,(anonymous_741)
FNDA:528,(anonymous_742)
FNDA:8099,(anonymous_743)
FNDA:527,(anonymous_744)
FNDA:995,(anonymous_745)
FNDA:100,(anonymous_746)
FNDA:20,(anonymous_747)
FNDA:64,(anonymous_748)
FNDA:62,(anonymous_749)
FNDA:9581,(anonymous_750)
FNDA:1609,(anonymous_751)
FNDA:1015,(anonymous_752)
FNDA:100,(anonymous_753)
FNDA:1115,(anonymous_754)
DA:1,1
DA:3,1
DA:4,1
DA:5,1
DA:6,1
DA:7,1
DA:8,1
DA:9,1
DA:10,1
DA:12,1
DA:13,1
DA:15,1
DA:16,1
DA:63,1
DA:68,3975
DA:108,4021
DA:110,3975
DA:111,3975
DA:112,3975
DA:113,3975
DA:114,3975
DA:115,3975
DA:116,3975
DA:117,3975
DA:119,3975
DA:120,3972
DA:123,3975
DA:130,1
DA:131,263
DA:142,1
DA:146,1
DA:147,104
DA:150,1
DA:151,50
DA:152,50
DA:155,1
DA:156,50
DA:159,1
DA:160,50
DA:163,1
DA:164,50
DA:167,1
DA:168,50
DA:171,1
DA:172,58
DA:173,58
DA:176,1
DA:177,1
DA:180,3975
DA:181,3975
DA:182,0
DA:183,0
DA:184,0
DA:185,0
DA:199,1
DA:200,4559
DA:202,4559
DA:203,2008
DA:204,2551
DA:205,429
DA:206,429
DA:210,2122
DA:211,2122
DA:212,217
DA:217,2120
DA:221,1256
DA:222,628
DA:223,628
DA:224,627
DA:227,1
DA:228,1136
DA:229,1136
DA:230,1136
DA:231,1136
DA:232,1136
DA:233,1136
DA:234,13
DA:238,1
DA:239,411
DA:240,411
DA:241,411
DA:243,411
DA:244,411
DA:246,411
DA:247,42
DA:250,369
DA:252,369
DA:253,9
DA:255,360
DA:257,360
DA:258,300
DA:262,411
DA:263,351
DA:265,60
DA:269,1
DA:270,1018
DA:271,1018
DA:272,1018
DA:273,1020
DA:276,1
DA:289,1
DA:294,3977
DA:295,3977
DA:308,1
DA:309,8989
DA:310,8989
DA:311,8989
DA:313,0
DA:314,0
DA:328,1
DA:329,528
DA:330,528
DA:331,528
DA:333,0
DA:334,0
DA:344,1
DA:345,8099
DA:355,1
DA:356,527
DA:366,1
DA:367,995
DA:377,1
DA:378,100
DA:389,1
DA:390,20
DA:401,1
DA:402,64
DA:403,62
DA:404,62
DA:405,62
DA:407,0
DA:408,0
DA:418,9581
DA:419,9581
DA:420,1609
DA:421,1601
DA:422,1538
DA:423,1463
DA:425,63
DA:426,0
DA:427,0
DA:429,0
DA:432,1601
DA:437,1
DA:438,1015
DA:441,1
DA:442,100
DA:445,1
DA:446,1115
DA:447,1115
DA:448,631
DA:450,484
DA:452,1115
DA:454,1
LF:154
LH:141
BRDA:108,1,0,46
BRDA:108,1,1,3929
BRDA:109,2,0,3975
BRDA:109,2,1,3975
BRDA:110,3,0,3975
BRDA:110,3,1,50
BRDA:111,4,0,3975
BRDA:111,4,1,50
BRDA:112,5,0,3975
BRDA:112,5,1,50
BRDA:113,6,0,3975
BRDA:113,6,1,50
BRDA:114,7,0,3975
BRDA:114,7,1,46
BRDA:115,8,0,3975
BRDA:115,8,1,58
BRDA:116,9,0,3975
BRDA:116,9,1,50
BRDA:119,10,0,3972
BRDA:119,10,1,3
BRDA:152,11,0,43
BRDA:152,11,1,7
BRDA:173,12,0,0
BRDA:173,12,1,58
BRDA:173,13,0,58
BRDA:173,13,1,51
BRDA:182,14,0,0
BRDA:182,14,1,0
BRDA:184,15,0,0
BRDA:184,15,1,0
BRDA:202,16,0,2008
BRDA:202,16,1,2551
BRDA:204,17,0,429
BRDA:204,17,1,2122
BRDA:211,18,0,217
BRDA:211,18,1,1905
BRDA:221,19,0,628
BRDA:221,19,1,0
BRDA:223,20,0,628
BRDA:223,20,1,628
BRDA:233,21,0,13
BRDA:233,21,1,1123
BRDA:246,22,0,42
BRDA:246,22,1,369
BRDA:252,23,0,9
BRDA:252,23,1,360
BRDA:252,24,0,369
BRDA:252,24,1,369
BRDA:257,25,0,300
BRDA:257,25,1,60
BRDA:262,26,0,351
BRDA:262,26,1,60
BRDA:270,27,0,1013
BRDA:270,27,1,5
BRDA:309,28,0,8989
BRDA:309,28,1,0
BRDA:309,29,0,8989
BRDA:309,29,1,9
BRDA:329,30,0,528
BRDA:329,30,1,0
BRDA:403,31,0,62
BRDA:403,31,1,0
BRDA:420,32,0,1601
BRDA:420,32,1,8
BRDA:421,33,0,1538
BRDA:421,33,1,63
BRDA:421,34,0,1601
BRDA:421,34,1,1601
BRDA:422,35,0,1463
BRDA:422,35,1,75
BRDA:425,36,0,0
BRDA:425,36,1,63
BRDA:425,37,0,63
BRDA:425,37,1,63
BRDA:426,38,0,0
BRDA:426,38,1,0
BRDA:447,39,0,631
BRDA:447,39,1,484
BRDA:447,40,0,1115
BRDA:447,40,1,1115
BRF:80
BRH:68
end_of_record
TN:
SF:/home/travis/build/coveo/search-ui/src/strings/Strings.ts
FN:781,l
FNF:1
FNH:1
FNDA:18066,l
DA:1,1
DA:781,45101
LF:2
LH:2
BRF:0
BRH:0
end_of_record
TN:
SF:/home/travis/build/coveo/search-ui/src/ui/Base/Initialization.ts
FN:43,(anonymous_771)
FN:77,(anonymous_773)
FN:83,(anonymous_774)
FN:107,(anonymous_775)
FN:124,(anonymous_776)
FN:125,(anonymous_777)
FN:142,(anonymous_778)
FN:147,(anonymous_779)
FN:170,(anonymous_780)
FN:183,(anonymous_781)
FN:194,(anonymous_782)
FN:205,(anonymous_783)
FN:213,(anonymous_784)
FN:225,(anonymous_785)
FN:236,(anonymous_786)
FN:252,(anonymous_787)
FN:252,(anonymous_788)
FN:254,(anonymous_790)
FN:255,(anonymous_791)
FN:271,(anonymous_792)
FN:286,(anonymous_793)
FN:319,(anonymous_796)
FN:328,(anonymous_797)
FN:342,(anonymous_798)
FN:356,(anonymous_799)
FN:388,(anonymous_800)
FN:411,(anonymous_801)
FN:434,(anonymous_802)
FN:447,(anonymous_803)
FN:456,(anonymous_804)
FN:459,(anonymous_805)
FN:466,(anonymous_806)
FN:467,(anonymous_807)
FN:487,(anonymous_808)
FN:500,(anonymous_809)
FN:510,(anonymous_810)
FN:534,(anonymous_811)
FN:548,(anonymous_812)
FN:555,(anonymous_813)
FN:567,(anonymous_814)
FN:582,(anonymous_815)
FN:595,(anonymous_816)
FN:599,(anonymous_817)
FN:604,(anonymous_818)
FN:617,(anonymous_819)
FN:632,(anonymous_820)
FN:646,(anonymous_821)
FN:652,(anonymous_822)
FN:654,(anonymous_823)
FN:662,(anonymous_824)
FN:687,(anonymous_825)
FN:697,(anonymous_826)
FN:698,(anonymous_827)
FN:707,(anonymous_828)
FN:727,(anonymous_829)
FN:734,(anonymous_831)
FN:738,(anonymous_832)
FN:742,(anonymous_833)
FN:757,(anonymous_834)
FN:758,(anonymous_835)
FN:762,(anonymous_836)
FN:766,(anonymous_837)
FN:775,(anonymous_838)
FN:780,(anonymous_839)
FN:782,(anonymous_840)
FN:808,(anonymous_841)
FN:823,(anonymous_842)
FN:835,(anonymous_843)
FN:848,(anonymous_844)
FN:854,(anonymous_846)
FN:859,(anonymous_847)
FN:860,(anonymous_848)
FN:884,(anonymous_849)
FN:898,(anonymous_850)
FN:918,(anonymous_851)
FN:924,(anonymous_852)
FNF:76
FNH:66
FNDA:1,(anonymous_771)
FNDA:3,(anonymous_773)
FNDA:74,(anonymous_774)
FNDA:76,(anonymous_775)
FNDA:1758,(anonymous_776)
FNDA:1758,(anonymous_777)
FNDA:17,(anonymous_778)
FNDA:34,(anonymous_779)
FNDA:128,(anonymous_780)
FNDA:21,(anonymous_781)
FNDA:1,(anonymous_782)
FNDA:1966,(anonymous_783)
FNDA:1,(anonymous_784)
FNDA:1827,(anonymous_785)
FNDA:36,(anonymous_786)
FNDA:6,(anonymous_787)
FNDA:6,(anonymous_788)
FNDA:9,(anonymous_790)
FNDA:2,(anonymous_791)
FNDA:70,(anonymous_792)
FNDA:70,(anonymous_793)
FNDA:0,(anonymous_796)
FNDA:34,(anonymous_797)
FNDA:31,(anonymous_798)
FNDA:2,(anonymous_799)
FNDA:3,(anonymous_800)
FNDA:987,(anonymous_801)
FNDA:1051,(anonymous_802)
FNDA:82006,(anonymous_803)
FNDA:82006,(anonymous_804)
FNDA:0,(anonymous_805)
FNDA:1051,(anonymous_806)
FNDA:0,(anonymous_807)
FNDA:17,(anonymous_808)
FNDA:6,(anonymous_809)
FNDA:3,(anonymous_810)
FNDA:1,(anonymous_811)
FNDA:0,(anonymous_812)
FNDA:1,(anonymous_813)
FNDA:3,(anonymous_814)
FNDA:3,(anonymous_815)
FNDA:22,(anonymous_816)
FNDA:1832,(anonymous_817)
FNDA:1830,(anonymous_818)
FNDA:2,(anonymous_819)
FNDA:22,(anonymous_820)
FNDA:105,(anonymous_821)
FNDA:105,(anonymous_822)
FNDA:0,(anonymous_823)
FNDA:35,(anonymous_824)
FNDA:2,(anonymous_825)
FNDA:2,(anonymous_826)
FNDA:0,(anonymous_827)
FNDA:35,(anonymous_828)
FNDA:1,(anonymous_829)
FNDA:1767,(anonymous_831)
FNDA:1,(anonymous_832)
FNDA:6,(anonymous_833)
FNDA:0,(anonymous_834)
FNDA:0,(anonymous_835)
FNDA:0,(anonymous_836)
FNDA:1,(anonymous_837)
FNDA:1,(anonymous_838)
FNDA:1,(anonymous_839)
FNDA:2,(anonymous_840)
FNDA:2,(anonymous_841)
FNDA:2,(anonymous_842)
FNDA:20,(anonymous_843)
FNDA:1,(anonymous_844)
FNDA:82006,(anonymous_846)
FNDA:82006,(anonymous_847)
FNDA:2002,(anonymous_848)
FNDA:1826,(anonymous_849)
FNDA:19823,(anonymous_850)
FNDA:2,(anonymous_851)
FNDA:0,(anonymous_852)
DA:1,1
DA:2,1
DA:3,1
DA:4,1
DA:5,1
DA:6,1
DA:7,1
DA:8,1
DA:11,1
DA:12,1
DA:13,1
DA:14,1
DA:15,1
DA:16,1
DA:18,1
DA:20,1
DA:21,1
DA:43,2
DA:58,1
DA:59,1
DA:60,1
DA:61,1
DA:65,1
DA:68,1
DA:77,1
DA:78,3
DA:79,3
DA:80,3
DA:83,1
DA:84,74
DA:86,74
DA:87,74
DA:88,4
DA:90,70
DA:93,74
DA:94,2
DA:96,72
DA:107,1
DA:108,76
DA:109,76
DA:110,76
DA:112,76
DA:113,76
DA:114,76
DA:115,2
DA:119,76
DA:120,76
DA:123,76
DA:124,76
DA:125,1758
DA:126,1758
DA:142,1
DA:143,17
DA:147,17
DA:148,34
DA:149,31
DA:151,3
DA:158,17
DA:159,17
DA:170,1
DA:171,128
DA:183,1
DA:184,21
DA:185,21
DA:186,21
DA:194,1
DA:195,1
DA:205,1
DA:206,1966
DA:213,1
DA:214,1
DA:225,1
DA:226,1827
DA:236,36
DA:241,36
DA:242,36
DA:243,36
DA:244,1
DA:245,1
DA:250,35
DA:252,35
DA:253,6
DA:254,6
DA:255,9
DA:256,2
DA:262,5
DA:264,1
DA:271,35
DA:272,70
DA:275,70
DA:276,70
DA:277,6
DA:279,64
DA:283,35
DA:284,35
DA:286,35
DA:287,35
DA:289,35
DA:290,35
DA:292,35
DA:294,35
DA:295,35
DA:297,35
DA:298,35
DA:299,22
DA:300,22
DA:302,22
DA:303,22
DA:305,22
DA:310,34
DA:313,35
DA:318,35
DA:319,1
DA:320,0
DA:328,34
DA:329,34
DA:342,31
DA:343,31
DA:344,31
DA:345,31
DA:346,31
DA:347,31
DA:356,2
DA:357,2
DA:361,2
DA:362,2
DA:364,2
DA:365,2
DA:367,2
DA:368,0
DA:370,2
DA:371,2
DA:372,2
DA:373,2
DA:376,2
DA:377,2
DA:378,2
DA:379,2
DA:388,3
DA:389,3
DA:391,3
DA:394,3
DA:395,2
DA:397,3
DA:398,3
DA:399,3
DA:400,3
DA:411,1
DA:414,1960
DA:416,987
DA:417,987
DA:418,987
DA:423,987
DA:434,1051
DA:437,2058
DA:439,1051
DA:441,1051
DA:442,1051
DA:444,1051
DA:446,1051
DA:448,82006
DA:453,82006
DA:454,82006
DA:457,82006
DA:458,82006
DA:459,0
DA:461,82006
DA:465,1051
DA:466,1051
DA:471,0
DA:472,0
DA:473,0
DA:476,1051
DA:487,1
DA:488,17
DA:489,17
DA:490,17
DA:491,17
DA:492,17
DA:500,1
DA:501,6
DA:510,1
DA:511,3
DA:512,3
DA:514,3
DA:515,3
DA:516,1
DA:517,1
DA:518,1
DA:519,1
DA:522,3
DA:523,3
DA:524,3
DA:526,3
DA:527,3
DA:528,3
DA:531,3
DA:534,1
DA:536,1
DA:537,2
DA:538,2
DA:540,1
DA:541,1
DA:542,1
DA:543,0
DA:545,1
DA:546,1
DA:547,0
DA:548,0
DA:549,0
DA:550,0
DA:551,0
DA:552,0
DA:554,1
DA:556,1
DA:559,1
DA:560,0
DA:567,1
DA:568,3
DA:569,3
DA:571,3
DA:572,3
DA:574,2
DA:575,2
DA:576,0
DA:578,2
DA:582,1
DA:583,3
DA:584,3
DA:586,3
DA:587,1
DA:588,2
DA:589,2
DA:591,0
DA:595,1
DA:596,22
DA:599,1
DA:600,1832
DA:601,1832
DA:604,1
DA:607,1830
DA:608,0
DA:610,1830
DA:617,1
DA:618,2
DA:619,2
DA:621,2
DA:622,1
DA:624,1
DA:625,1
DA:626,1
DA:628,0
DA:632,1
DA:633,22
DA:634,22
DA:635,0
DA:636,0
DA:638,22
DA:639,1
DA:641,21
DA:646,1
DA:647,105
DA:648,105
DA:652,1
DA:653,105
DA:654,0
DA:655,0
DA:656,0
DA:662,35
DA:663,35
DA:664,2
DA:665,2
DA:666,2
DA:667,2
DA:668,2
DA:669,2
DA:670,2
DA:671,2
DA:672,2
DA:673,2
DA:674,2
DA:675,2
DA:687,2
DA:688,2
DA:689,2
DA:690,1
DA:691,1
DA:692,1
DA:696,2
DA:697,2
DA:699,0
DA:700,0
DA:703,33
DA:707,1
DA:708,35
DA:710,34
DA:711,0
DA:714,34
DA:715,11
DA:718,23
DA:719,21
DA:722,2
DA:723,2
DA:725,1
DA:727,2
DA:728,1
DA:731,1
DA:732,1
DA:734,1
DA:735,1767
DA:738,1
DA:739,1
DA:742,1
DA:743,6
DA:744,5
DA:745,5
DA:746,5
DA:748,5
DA:749,5
DA:750,0
DA:753,1
DA:757,1
DA:758,0
DA:759,0
DA:762,0
DA:766,1
DA:767,1
DA:768,1
DA:769,1
DA:771,0
DA:775,1
DA:780,1
DA:781,1
DA:782,1
DA:783,2
DA:786,2
DA:787,2
DA:788,0
DA:789,0
DA:790,0
DA:791,0
DA:792,0
DA:794,2
DA:796,2
DA:799,1
DA:802,1
DA:808,1
DA:813,2
DA:814,2
DA:819,2
DA:820,0
DA:823,2
DA:824,2
DA:826,2
DA:827,0
DA:830,2
DA:831,2
DA:832,2
DA:834,2
DA:835,2
DA:836,20
DA:838,2
DA:839,2
DA:842,2
DA:843,2
DA:846,1
DA:848,2
DA:849,1
DA:852,1
DA:854,1
DA:859,82006
DA:860,82006
DA:861,2002
DA:864,1826
DA:865,1826
DA:866,1826
DA:867,1826
DA:868,1826
DA:869,1826
DA:870,1826
DA:872,1826
DA:873,1826
DA:878,82006
DA:884,1
DA:889,1826
DA:890,1826
DA:892,1826
DA:893,1826
DA:894,1826
DA:895,1826
DA:897,1826
DA:898,1826
DA:899,19823
DA:901,1826
DA:902,1826
DA:908,1826
DA:909,1
DA:912,1825
DA:916,1825
DA:917,2
DA:919,2
DA:922,2
DA:925,0
DA:929,2
DA:931,1823
DA:934,1
LF:406
LH:367
BRDA:78,1,0,3
BRDA:78,1,1,2
BRDA:87,2,0,4
BRDA:87,2,1,70
BRDA:93,3,0,2
BRDA:93,3,1,72
BRDA:112,4,0,76
BRDA:112,4,1,0
BRDA:114,5,0,2
BRDA:114,5,1,74
BRDA:119,6,0,76
BRDA:119,6,1,0
BRDA:123,7,0,76
BRDA:123,7,1,0
BRDA:148,8,0,31
BRDA:148,8,1,3
BRDA:184,9,0,21
BRDA:184,9,1,0
BRDA:185,10,0,21
BRDA:185,10,1,0
BRDA:196,11,0,1
BRDA:196,11,1,0
BRDA:243,12,0,1
BRDA:243,12,1,35
BRDA:276,13,0,6
BRDA:276,13,1,64
BRDA:298,14,0,22
BRDA:298,14,1,12
BRDA:302,15,0,22
BRDA:302,15,1,0
BRDA:318,16,0,1
BRDA:318,16,1,34
BRDA:342,17,0,0
BRDA:342,17,1,31
BRDA:356,18,0,0
BRDA:356,18,1,2
BRDA:361,19,0,2
BRDA:361,19,1,0
BRDA:364,20,0,2
BRDA:364,20,1,0
BRDA:367,21,0,0
BRDA:367,21,1,2
BRDA:370,22,0,2
BRDA:370,22,1,0
BRDA:370,23,0,2
BRDA:370,23,1,0
BRDA:370,23,2,0
BRDA:388,24,0,0
BRDA:388,24,1,3
BRDA:394,25,0,2
BRDA:394,25,1,1
BRDA:414,26,0,973
BRDA:414,26,1,14
BRDA:437,27,0,1007
BRDA:437,27,1,44
BRDA:458,28,0,0
BRDA:458,28,1,82006
BRDA:515,29,0,1
BRDA:515,29,1,2
BRDA:527,30,0,3
BRDA:527,30,1,0
BRDA:536,31,0,0
BRDA:536,31,1,1
BRDA:537,32,0,1
BRDA:537,32,1,0
BRDA:538,33,0,1
BRDA:538,33,1,0
BRDA:542,34,0,0
BRDA:542,34,1,1
BRDA:546,35,0,0
BRDA:546,35,1,1
BRDA:548,36,0,0
BRDA:548,36,1,0
BRDA:575,37,0,0
BRDA:575,37,1,2
BRDA:586,38,0,1
BRDA:586,38,1,2
BRDA:588,39,0,2
BRDA:588,39,1,0
BRDA:607,40,0,0
BRDA:607,40,1,1830
BRDA:611,41,0,1830
BRDA:611,41,1,2
BRDA:611,41,2,1
BRDA:625,42,0,1
BRDA:625,42,1,0
BRDA:634,43,0,0
BRDA:634,43,1,22
BRDA:635,44,0,0
BRDA:635,44,1,0
BRDA:638,45,0,1
BRDA:638,45,1,21
BRDA:647,46,0,105
BRDA:647,46,1,0
BRDA:653,47,0,0
BRDA:653,47,1,105
BRDA:655,48,0,0
BRDA:655,48,1,0
BRDA:663,49,0,2
BRDA:663,49,1,33
BRDA:663,50,0,35
BRDA:663,50,1,35
BRDA:689,51,0,1
BRDA:689,51,1,1
BRDA:691,52,0,1
BRDA:691,52,1,0
BRDA:710,53,0,0
BRDA:710,53,1,34
BRDA:714,54,0,11
BRDA:714,54,1,23
BRDA:718,55,0,21
BRDA:718,55,1,2
BRDA:743,56,0,5
BRDA:743,56,1,1
BRDA:745,57,0,5
BRDA:745,57,1,0
BRDA:749,58,0,0
BRDA:749,58,1,5
BRDA:767,59,0,1
BRDA:767,59,1,0
BRDA:783,60,0,2
BRDA:783,60,1,0
BRDA:787,61,0,0
BRDA:787,61,1,2
BRDA:790,62,0,0
BRDA:790,62,1,0
BRDA:819,63,0,0
BRDA:819,63,1,2
BRDA:826,64,0,0
BRDA:826,64,1,2
BRDA:834,65,0,2
BRDA:834,65,1,0
BRDA:861,66,0,1826
BRDA:861,66,1,176
BRDA:865,67,0,1826
BRDA:865,67,1,0
BRDA:868,68,0,1749
BRDA:868,68,1,77
BRDA:897,69,0,1826
BRDA:897,69,1,0
BRDA:908,70,0,1
BRDA:908,70,1,1825
BRDA:916,71,0,2
BRDA:916,71,1,1823
BRF:144
BRH:94
end_of_record
TN:
SF:/home/travis/build/coveo/search-ui/src/misc/Assert.ts
FN:5,(anonymous_859)
FN:22,(anonymous_861)
FN:26,(anonymous_862)
FN:32,(anonymous_863)
FN:36,(anonymous_864)
FN:40,(anonymous_865)
FN:44,(anonymous_866)
FN:48,(anonymous_867)
FN:52,(anonymous_868)
FN:56,(anonymous_869)
FN:60,(anonymous_870)
FN:66,(anonymous_871)
FN:70,(anonymous_872)
FN:74,(anonymous_873)
FN:78,(anonymous_874)
FN:82,(anonymous_875)
FN:86,(anonymous_876)
FN:8,(anonymous_877)
FN:91,(anonymous_878)
FN:92,PreconditionFailedException
FN:96,(anonymous_880)
FNF:21
FNH:15
FNDA:1,(anonymous_859)
FNDA:41,(anonymous_861)
FNDA:670226,(anonymous_862)
FNDA:0,(anonymous_863)
FNDA:1841,(anonymous_864)
FNDA:0,(anonymous_865)
FNDA:1831,(anonymous_866)
FNDA:416543,(anonymous_867)
FNDA:136,(anonymous_868)
FNDA:1147,(anonymous_869)
FNDA:308,(anonymous_870)
FNDA:240892,(anonymous_871)
FNDA:41,(anonymous_872)
FNDA:0,(anonymous_873)
FNDA:513,(anonymous_874)
FNDA:0,(anonymous_875)
FNDA:0,(anonymous_876)
FNDA:41,(anonymous_877)
FNDA:1,(anonymous_878)
FNDA:41,PreconditionFailedException
FNDA:0,(anonymous_880)
DA:1,1
DA:2,1
DA:3,1
DA:5,2
DA:6,1
DA:8,1
DA:9,41
DA:11,41
DA:12,41
DA:15,41
DA:16,38
DA:18,3
DA:22,1
DA:23,41
DA:26,1
DA:27,670226
DA:28,39
DA:32,1
DA:33,0
DA:36,1
DA:37,1841
DA:40,1
DA:41,0
DA:44,1
DA:45,1831
DA:48,1
DA:49,416543
DA:52,1
DA:53,136
DA:56,1
DA:57,1147
DA:60,1
DA:61,308
DA:62,308
DA:63,308
DA:66,1
DA:67,240892
DA:70,1
DA:71,41
DA:74,1
DA:75,0
DA:78,1
DA:79,513
DA:82,1
DA:83,0
DA:86,1
DA:87,0
DA:89,1
DA:91,1
DA:92,42
DA:96,1
DA:97,0
DA:99,1
LF:53
LH:47
BRDA:27,1,0,39
BRDA:27,1,1,670187
BRDA:11,2,0,41
BRDA:11,2,1,0
BRDA:11,3,0,41
BRDA:11,3,1,41
BRDA:15,4,0,38
BRDA:15,4,1,3
BRDA:93,5,0,41
BRDA:93,5,1,0
BRF:10
BRH:8
end_of_record
TN:
SF:/home/travis/build/coveo/search-ui/src/ui/Analytics/AnalyticsActionListMeta.ts
FNF:0
FNH:0
DA:220,1
LF:1
LH:1
BRF:0
BRH:0
end_of_record
TN:
SF:/home/travis/build/coveo/search-ui/src/GlobalExports.ts
FN:10,exportGlobally
FN:14,(anonymous_920)
FN:21,lazyExport
FN:31,lazyExportModule
FNF:4
FNH:2
FNDA:84,exportGlobally
FNDA:125,(anonymous_920)
FNDA:0,lazyExport
FNDA:0,lazyExportModule
DA:1,1
DA:3,1
DA:4,1
DA:10,2
DA:11,84
DA:12,0
DA:14,84
DA:15,125
DA:16,1
DA:21,2
DA:22,0
DA:23,0
DA:25,0
DA:27,0
DA:28,0
DA:31,2
DA:32,0
DA:33,0
DA:35,0
LF:19
LH:10
BRDA:11,1,0,0
BRDA:11,1,1,84
BRDA:15,2,0,1
BRDA:15,2,1,124
BRDA:22,3,0,0
BRDA:22,3,1,0
BRDA:32,4,0,0
BRDA:32,4,1,0
BRF:8
BRH:3
end_of_record
TN:
SF:/home/travis/build/coveo/search-ui/src/ui/Base/ComponentOptions.ts
FN:248,(anonymous_924)
FN:286,(anonymous_925)
FN:287,(anonymous_927)
FN:303,(anonymous_928)
FN:325,(anonymous_929)
FN:341,(anonymous_930)
FN:358,(anonymous_931)
FN:381,(anonymous_932)
FN:404,(anonymous_933)
FN:435,(anonymous_934)
FN:442,(anonymous_935)
FN:465,(anonymous_936)
FN:486,(anonymous_937)
FN:502,(anonymous_938)
FN:518,(anonymous_939)
FN:534,(anonymous_940)
FN:553,(anonymous_941)
FN:557,(anonymous_942)
FN:565,(anonymous_943)
FN:566,(anonymous_944)
FN:575,(anonymous_945)
FN:576,(anonymous_946)
FN:583,(anonymous_947)
FN:586,(anonymous_948)
FN:619,(anonymous_949)
FN:626,(anonymous_950)
FN:636,(anonymous_951)
FN:640,(anonymous_952)
FN:654,(anonymous_953)
FN:658,(anonymous_954)
FN:739,(anonymous_955)
FN:743,(anonymous_956)
FN:763,(anonymous_957)
FN:769,(anonymous_958)
FN:775,(anonymous_959)
FN:781,(anonymous_960)
FN:786,(anonymous_961)
FN:804,(anonymous_962)
FN:831,(anonymous_963)
FN:835,(anonymous_964)
FN:841,(anonymous_965)
FN:846,(anonymous_966)
FN:862,(anonymous_967)
FN:872,(anonymous_968)
FN:896,(anonymous_969)
FN:904,(anonymous_970)
FN:909,(anonymous_971)
FN:922,(anonymous_972)
FN:927,(anonymous_973)
FN:930,(anonymous_974)
FNF:50
FNH:49
FNDA:1,(anonymous_924)
FNDA:1,(anonymous_925)
FNDA:0,(anonymous_927)
FNDA:135,(anonymous_928)
FNDA:75,(anonymous_929)
FNDA:107,(anonymous_930)
FNDA:2,(anonymous_931)
FNDA:3,(anonymous_932)
FNDA:2,(anonymous_933)
FNDA:12,(anonymous_934)
FNDA:2,(anonymous_935)
FNDA:31,(anonymous_936)
FNDA:30,(anonymous_937)
FNDA:5,(anonymous_938)
FNDA:8,(anonymous_939)
FNDA:16,(anonymous_940)
FNDA:5,(anonymous_941)
FNDA:5,(anonymous_942)
FNDA:15,(anonymous_943)
FNDA:2037,(anonymous_944)
FNDA:3,(anonymous_945)
FNDA:98,(anonymous_946)
FNDA:8,(anonymous_947)
FNDA:174,(anonymous_948)
FNDA:472,(anonymous_949)
FNDA:41841,(anonymous_950)
FNDA:41833,(anonymous_951)
FNDA:1369,(anonymous_952)
FNDA:4468,(anonymous_953)
FNDA:4736,(anonymous_954)
FNDA:40338,(anonymous_955)
FNDA:11,(anonymous_956)
FNDA:3010,(anonymous_957)
FNDA:293,(anonymous_958)
FNDA:4,(anonymous_959)
FNDA:2152,(anonymous_960)
FNDA:4,(anonymous_961)
FNDA:6406,(anonymous_962)
FNDA:15515,(anonymous_963)
FNDA:1316,(anonymous_964)
FNDA:1,(anonymous_965)
FNDA:600,(anonymous_966)
FNDA:710,(anonymous_967)
FNDA:588,(anonymous_968)
FNDA:588,(anonymous_969)
FNDA:303,(anonymous_970)
FNDA:115,(anonymous_971)
FNDA:222,(anonymous_972)
FNDA:41316,(anonymous_973)
FNDA:248,(anonymous_974)
DA:1,1
DA:2,1
DA:3,1
DA:6,1
DA:7,1
DA:8,1
DA:9,1
DA:11,1
DA:248,2
DA:249,1
DA:250,1
DA:251,1
DA:252,1
DA:253,1
DA:254,1
DA:255,1
DA:256,1
DA:257,1
DA:258,1
DA:259,1
DA:260,1
DA:261,1
DA:262,1
DA:263,1
DA:264,1
DA:265,1
DA:266,1
DA:267,1
DA:268,1
DA:271,1
DA:272,1
DA:273,1
DA:286,2
DA:287,1
DA:288,0
DA:303,1
DA:304,135
DA:325,1
DA:326,75
DA:341,1
DA:342,107
DA:358,1
DA:359,2
DA:381,1
DA:382,3
DA:404,1
DA:405,2
DA:435,1
DA:436,12
DA:442,1
DA:443,2
DA:465,1
DA:466,31
DA:486,1
DA:487,30
DA:502,1
DA:503,5
DA:518,1
DA:519,8
DA:534,1
DA:535,16
DA:553,1
DA:554,5
DA:557,1
DA:558,5
DA:565,1
DA:566,15
DA:567,2037
DA:568,2037
DA:569,3
DA:572,15
DA:575,1
DA:576,3
DA:577,98
DA:578,98
DA:580,3
DA:583,1
DA:584,8
DA:587,174
DA:588,174
DA:591,174
DA:594,174
DA:595,684
DA:596,684
DA:597,684
DA:599,174
DA:600,174
DA:603,174
DA:604,174
DA:605,684
DA:606,684
DA:607,684
DA:608,244
DA:609,244
DA:612,174
DA:614,8
DA:619,588
DA:620,472
DA:621,472
DA:622,472
DA:623,472
DA:626,1
DA:627,41841
DA:628,2
DA:630,41839
DA:631,41832
DA:633,7
DA:636,1
DA:637,41833
DA:640,1
DA:641,1369
DA:654,1
DA:655,4468
DA:658,1
DA:666,4736
DA:667,4736
DA:668,414
DA:670,4736
DA:671,4736
DA:672,41443
DA:673,41443
DA:674,41443
DA:675,41443
DA:677,41443
DA:678,41443
DA:679,41435
DA:680,0
DA:684,41435
DA:685,3247
DA:688,41435
DA:689,37789
DA:690,22256
DA:691,568
DA:692,21688
DA:693,1
DA:695,21687
DA:697,15533
DA:698,2033
DA:701,41435
DA:702,27601
DA:703,22
DA:704,22
DA:705,3
DA:706,3
DA:707,1
DA:709,3
DA:710,3
DA:713,27598
DA:714,15
DA:715,27583
DA:716,1104
DA:718,26479
DA:721,41432
DA:722,33
DA:729,4728
DA:730,41435
DA:731,41435
DA:732,41435
DA:733,1525
DA:736,4728
DA:739,1
DA:740,40338
DA:743,1
DA:744,11
DA:745,11
DA:746,11
DA:751,0
DA:752,0
DA:754,0
DA:755,0
DA:756,0
DA:759,0
DA:760,0
DA:763,1
DA:764,3010
DA:765,3010
DA:766,3010
DA:769,1
DA:770,293
DA:771,293
DA:772,291
DA:774,2
DA:775,2
DA:776,4
DA:778,2
DA:781,1
DA:782,2152
DA:783,2152
DA:784,2152
DA:785,4
DA:786,4
DA:787,4
DA:788,4
DA:789,2
DA:790,2
DA:791,2
DA:792,2
DA:793,2
DA:794,2
DA:799,2
DA:801,2148
DA:804,1
DA:805,6406
DA:806,6406
DA:807,6402
DA:809,4
DA:810,4
DA:811,1
DA:817,1
DA:819,4
DA:820,1
DA:826,1
DA:828,4
DA:831,1
DA:832,15515
DA:835,1
DA:836,1316
DA:837,1316
DA:838,1316
DA:841,1
DA:842,1
DA:843,1
DA:846,1
DA:847,600
DA:848,600
DA:849,593
DA:851,7
DA:852,7
DA:854,3
DA:858,3
DA:862,1
DA:866,1419
DA:868,710
DA:869,710
DA:872,1
DA:876,1172
DA:878,588
DA:880,588
DA:881,588
DA:882,588
DA:883,2
DA:886,588
DA:887,586
DA:888,586
DA:889,585
DA:891,586
DA:893,588
DA:896,1
DA:897,588
DA:898,588
DA:899,1
DA:901,587
DA:904,1
DA:905,303
DA:906,303
DA:909,226
DA:910,115
DA:911,222
DA:912,2
DA:913,2
DA:915,0
DA:917,220
DA:919,113
DA:922,1
DA:923,222
DA:924,222
DA:927,1
DA:928,41316
DA:929,136
DA:930,136
DA:931,248
DA:932,248
DA:933,5
DA:936,136
DA:938,41180
DA:939,281
DA:941,40899
DA:944,1
LF:278
LH:268
BRDA:248,1,0,1
BRDA:248,1,1,1
BRDA:568,2,0,3
BRDA:568,2,1,2034
BRDA:607,3,0,244
BRDA:607,3,1,440
BRDA:612,4,0,90
BRDA:612,4,1,84
BRDA:619,5,0,116
BRDA:619,5,1,356
BRDA:627,6,0,2
BRDA:627,6,1,41839
BRDA:627,7,0,41841
BRDA:627,7,1,41303
BRDA:630,8,0,41832
BRDA:630,8,1,7
BRDA:667,9,0,414
BRDA:667,9,1,4322
BRDA:677,10,0,41443
BRDA:677,10,1,0
BRDA:679,11,0,0
BRDA:679,11,1,41435
BRDA:679,12,0,41435
BRDA:679,12,1,399
BRDA:684,13,0,3247
BRDA:684,13,1,38188
BRDA:684,14,0,41435
BRDA:684,14,1,41036
BRDA:688,15,0,37789
BRDA:688,15,1,3646
BRDA:688,16,0,41435
BRDA:688,16,1,37789
BRDA:689,17,0,22256
BRDA:689,17,1,15533
BRDA:690,18,0,568
BRDA:690,18,1,21688
BRDA:692,19,0,1
BRDA:692,19,1,21687
BRDA:697,20,0,2033
BRDA:697,20,1,13500
BRDA:701,21,0,27601
BRDA:701,21,1,13834
BRDA:702,22,0,22
BRDA:702,22,1,27579
BRDA:704,23,0,3
BRDA:704,23,1,19
BRDA:706,24,0,1
BRDA:706,24,1,2
BRDA:713,25,0,15
BRDA:713,25,1,27583
BRDA:713,26,0,27598
BRDA:713,26,1,95
BRDA:715,27,0,1104
BRDA:715,27,1,26479
BRDA:721,28,0,33
BRDA:721,28,1,41399
BRDA:721,29,0,41432
BRDA:721,29,1,13834
BRDA:732,30,0,1525
BRDA:732,30,1,39910
BRDA:740,31,0,40338
BRDA:740,31,1,40122
BRDA:745,32,0,11
BRDA:745,32,1,0
BRDA:754,33,0,0
BRDA:754,33,1,0
BRDA:765,34,0,3010
BRDA:765,34,1,22
BRDA:771,35,0,291
BRDA:771,35,1,2
BRDA:783,36,0,2152
BRDA:783,36,1,0
BRDA:784,37,0,4
BRDA:784,37,1,2148
BRDA:784,38,0,2152
BRDA:784,38,1,2152
BRDA:788,39,0,2
BRDA:788,39,1,2
BRDA:791,40,0,2
BRDA:791,40,1,0
BRDA:793,41,0,2
BRDA:793,41,1,0
BRDA:799,42,0,2
BRDA:799,42,1,0
BRDA:806,43,0,6402
BRDA:806,43,1,4
BRDA:809,44,0,1
BRDA:809,44,1,3
BRDA:810,45,0,1
BRDA:810,45,1,3
BRDA:810,46,0,4
BRDA:810,46,1,1
BRDA:819,47,0,1
BRDA:819,47,1,3
BRDA:819,48,0,4
BRDA:819,48,1,1
BRDA:836,49,0,1316
BRDA:836,49,1,1315
BRDA:838,50,0,71
BRDA:838,50,1,1245
BRDA:843,51,0,1
BRDA:843,51,1,0
BRDA:848,52,0,593
BRDA:848,52,1,7
BRDA:866,53,0,709
BRDA:866,53,1,1
BRDA:869,54,0,1
BRDA:869,54,1,709
BRDA:876,55,0,584
BRDA:876,55,1,4
BRDA:880,56,0,588
BRDA:880,56,1,587
BRDA:881,57,0,588
BRDA:881,57,1,586
BRDA:882,58,0,2
BRDA:882,58,1,586
BRDA:886,59,0,586
BRDA:886,59,1,2
BRDA:888,60,0,585
BRDA:888,60,1,1
BRDA:898,61,0,1
BRDA:898,61,1,587
BRDA:909,62,0,111
BRDA:909,62,1,4
BRDA:910,63,0,335
BRDA:910,63,1,335
BRDA:911,64,0,2
BRDA:911,64,1,220
BRDA:912,65,0,2
BRDA:912,65,1,0
BRDA:924,66,0,222
BRDA:924,66,1,221
BRDA:928,67,0,136
BRDA:928,67,1,41180
BRDA:932,68,0,5
BRDA:932,68,1,243
BRDA:938,69,0,281
BRDA:938,69,1,40899
BRF:138
BRH:127
end_of_record
TN:
SF:/home/travis/build/coveo/search-ui/src/events/QueryEvents.ts
FN:219,(anonymous_976)
FNF:1
FNH:1
FNDA:1,(anonymous_976)
DA:219,2
DA:228,1
DA:239,1
DA:250,1
DA:259,1
DA:268,1
DA:277,1
DA:286,1
DA:297,1
DA:306,1
DA:319,1
DA:332,1
DA:341,1
DA:342,1
DA:343,1
LF:15
LH:15
BRF:0
BRH:0
end_of_record
TN:
SF:/home/travis/build/coveo/search-ui/src/models/QueryStateModel.ts
FN:62,(anonymous_1016)
FN:112,QueryStateModel
FN:95,(anonymous_1018)
FN:99,(anonymous_1019)
FN:103,(anonymous_1020)
FN:122,(anonymous_1021)
FN:124,(anonymous_1022)
FN:130,(anonymous_1023)
FN:135,(anonymous_1024)
FN:143,setState
FNF:10
FNH:10
FNDA:1,(anonymous_1016)
FNDA:543,QueryStateModel
FNDA:2074,(anonymous_1018)
FNDA:286,(anonymous_1019)
FNDA:282,(anonymous_1020)
FNDA:9,(anonymous_1021)
FNDA:113,(anonymous_1022)
FNDA:237,(anonymous_1023)
FNDA:237,(anonymous_1024)
FNDA:6,setState
DA:1,1
DA:2,1
DA:4,1
DA:5,1
DA:7,1
DA:62,1
DA:63,1
DA:65,1
DA:80,1
DA:95,3862
DA:96,2074
DA:99,1
DA:100,286
DA:103,1
DA:104,282
DA:112,544
DA:113,543
DA:114,543
DA:122,9
DA:123,9
DA:125,113
DA:130,1
DA:131,237
DA:132,233
DA:135,1
DA:136,237
DA:137,6
DA:138,3
DA:141,1
DA:143,2
DA:144,6
DA:146,6
DA:148,2
DA:149,4
DA:151,1
DA:152,3
DA:154,0
DA:155,0
DA:156,0
DA:157,3
DA:159,3
DA:160,3
DA:161,3
DA:162,3
DA:163,3
LF:45
LH:42
BRDA:114,1,0,543
BRDA:114,1,1,0
BRDA:95,2,0,1788
BRDA:95,2,1,286
BRDA:96,3,0,1788
BRDA:96,3,1,286
BRDA:125,4,0,113
BRDA:125,4,1,5
BRDA:136,5,0,6
BRDA:136,5,1,231
BRDA:146,6,0,2
BRDA:146,6,1,4
BRDA:146,7,0,6
BRDA:146,7,1,4
BRDA:149,8,0,1
BRDA:149,8,1,3
BRDA:149,9,0,4
BRDA:149,9,1,1
BRDA:152,10,0,0
BRDA:152,10,1,3
BRDA:157,11,0,3
BRDA:157,11,1,0
BRF:22
BRH:19
end_of_record
TN:
SF:/home/travis/build/coveo/search-ui/src/utils/SVGIcons.ts
FN:3,(anonymous_1027)
FNF:1
FNH:1
FNDA:1,(anonymous_1027)
DA:3,2
DA:4,1
DA:41,1
LF:3
LH:3
BRF:0
BRH:0
end_of_record
TN:
SF:/home/travis/build/coveo/search-ui/src/Core.ts
FNF:0
FNH:0
DA:4,1
DA:5,1
DA:6,0
DA:9,1
DA:10,1
DA:11,1
DA:12,1
DA:13,1
DA:14,1
DA:15,1
DA:16,1
DA:17,1
DA:18,1
LF:13
LH:12
BRDA:5,1,0,0
BRDA:5,1,1,1
BRF:2
BRH:1
end_of_record
TN:
SF:/home/travis/build/coveo/search-ui/src/misc/Logger.ts
FN:6,(anonymous_1057)
FN:7,(anonymous_1058)
FN:8,(anonymous_1059)
FN:9,(anonymous_1060)
FN:10,(anonymous_1061)
FN:11,(anonymous_1062)
FN:12,(anonymous_1063)
FN:13,(anonymous_1064)
FN:14,(anonymous_1065)
FN:15,(anonymous_1066)
FN:16,(anonymous_1067)
FN:17,(anonymous_1068)
FN:18,(anonymous_1069)
FN:19,(anonymous_1070)
FN:20,(anonymous_1071)
FN:21,(anonymous_1072)
FN:22,(anonymous_1073)
FN:23,(anonymous_1074)
FN:24,(anonymous_1075)
FN:25,(anonymous_1076)
FN:30,(anonymous_1077)
FN:41,Logger
FN:43,(anonymous_1079)
FN:49,(anonymous_1080)
FN:55,(anonymous_1081)
FN:61,(anonymous_1082)
FN:67,(anonymous_1083)
FN:73,(anonymous_1084)
FN:91,(anonymous_1085)
FN:95,(anonymous_1086)
FNF:30
FNH:30
FNDA:0,(anonymous_1057)
FNDA:0,(anonymous_1058)
FNDA:0,(anonymous_1059)
FNDA:0,(anonymous_1060)
FNDA:0,(anonymous_1061)
FNDA:0,(anonymous_1062)
FNDA:0,(anonymous_1063)
FNDA:0,(anonymous_1064)
FNDA:0,(anonymous_1065)
FNDA:0,(anonymous_1066)
FNDA:0,(anonymous_1067)
FNDA:0,(anonymous_1068)
FNDA:0,(anonymous_1069)
FNDA:0,(anonymous_1070)
FNDA:0,(anonymous_1071)
FNDA:0,(anonymous_1072)
FNDA:0,(anonymous_1073)
FNDA:0,(anonymous_1074)
FNDA:0,(anonymous_1075)
FNDA:0,(anonymous_1076)
FNDA:1,(anonymous_1077)
FNDA:15906,Logger
FNDA:3343,(anonymous_1079)
FNDA:1196,(anonymous_1080)
FNDA:957,(anonymous_1081)
FNDA:165,(anonymous_1082)
FNDA:146,(anonymous_1083)
FNDA:0,(anonymous_1084)
FNDA:0,(anonymous_1085)
FNDA:1,(anonymous_1086)
DA:4,1
DA:5,1
DA:30,1
DA:31,1
DA:32,1
DA:33,1
DA:34,1
DA:35,1
DA:36,1
DA:38,1
DA:39,1
DA:41,15906
DA:43,12556
DA:44,3343
DA:45,1
DA:49,2484
DA:50,1196
DA:51,1
DA:55,2222
DA:56,957
DA:57,1
DA:61,408
DA:62,165
DA:63,1
DA:67,373
DA:68,146
DA:69,1
DA:73,1
DA:74,1
DA:75,1
DA:76,1
DA:77,1
DA:78,1
DA:79,1
DA:80,1
DA:82,1
DA:84,1
DA:85,1
DA:86,1
DA:91,1
DA:92,1
DA:95,1
DA:96,1
DA:98,1
LF:44
LH:44
BRDA:4,1,0,0
BRDA:4,1,1,1
BRDA:44,2,0,0
BRDA:44,2,1,3343
BRDA:50,3,0,0
BRDA:50,3,1,1196
BRDA:56,4,0,0
BRDA:56,4,1,957
BRDA:62,5,0,0
BRDA:62,5,1,165
BRDA:68,6,0,0
BRDA:68,6,1,146
BRDA:74,7,0,0
BRDA:74,7,1,0
BRDA:74,8,0,0
BRDA:74,8,1,0
BRDA:75,9,0,0
BRDA:75,9,1,0
BRDA:75,10,0,0
BRDA:75,10,1,0
BRDA:77,11,0,0
BRDA:77,11,1,0
BRDA:77,12,0,0
BRDA:77,12,1,0
BRDA:79,13,0,0
BRDA:79,13,1,0
BRDA:79,14,0,0
BRDA:79,14,1,0
BRDA:84,15,0,0
BRDA:84,15,1,0
BRF:30
BRH:30
end_of_record
TN:
SF:/home/travis/build/coveo/search-ui/src/ui/Base/QueryBuilder.ts
FN:18,(anonymous_1088)
FN:324,(anonymous_1090)
FN:382,(anonymous_1091)
FN:390,(anonymous_1092)
FN:406,(anonymous_1093)
FN:417,(anonymous_1094)
FN:451,(anonymous_1095)
FN:455,(anonymous_1096)
FN:465,(anonymous_1097)
FN:469,(anonymous_1098)
FN:483,(anonymous_1099)
FN:495,(anonymous_1100)
FN:507,(anonymous_1101)
FN:512,(anonymous_1102)
FN:520,(anonymous_1103)
FNF:15
FNH:15
FNDA:3651,(anonymous_1088)
FNDA:3218,(anonymous_1090)
FNDA:2,(anonymous_1091)
FNDA:149,(anonymous_1092)
FNDA:3,(anonymous_1093)
FNDA:57,(anonymous_1094)
FNDA:3,(anonymous_1095)
FNDA:4,(anonymous_1096)
FNDA:1,(anonymous_1097)
FNDA:3218,(anonymous_1098)
FNDA:6,(anonymous_1099)
FNDA:13,(anonymous_1100)
FNDA:14,(anonymous_1101)
FNDA:3218,(anonymous_1102)
FNDA:3218,(anonymous_1103)
DA:1,1
DA:6,1
DA:7,1
DA:8,1
DA:18,2
DA:25,3650
DA:32,3650
DA:39,3650
DA:47,3650
DA:56,3650
DA:127,3650
DA:193,3650
DA:199,3650
DA:229,3650
DA:230,3650
DA:235,3650
DA:243,3650
DA:262,3650
DA:267,3650
DA:273,3650
DA:277,3650
DA:282,3650
DA:288,3650
DA:293,3650
DA:294,3650
DA:324,1
DA:325,3218
DA:373,3218
DA:382,1
DA:383,2
DA:390,1
DA:391,149
DA:406,1
DA:407,3
DA:417,1
DA:418,57
DA:419,57
DA:421,57
DA:422,57
DA:423,57
DA:425,57
DA:426,57
DA:427,57
DA:429,57
DA:430,57
DA:431,57
DA:433,57
DA:434,57
DA:435,57
DA:437,57
DA:451,1
DA:452,3
DA:455,1
DA:456,4
DA:465,1
DA:466,1
DA:469,1
DA:470,3218
DA:471,16
DA:473,3202
DA:483,1
DA:484,6
DA:485,4
DA:487,6
DA:495,1
DA:496,13
DA:497,12
DA:499,13
DA:507,1
DA:508,14
DA:509,14
DA:512,1
DA:513,3218
DA:514,3135
DA:517,83
DA:520,1
DA:521,3218
DA:522,3196
DA:525,22
DA:527,1
LF:80
LH:80
BRDA:452,1,0,3
BRDA:452,1,1,3
BRDA:466,2,0,1
BRDA:466,2,1,1
BRDA:470,3,0,16
BRDA:470,3,1,3202
BRDA:470,4,0,3218
BRDA:470,4,1,3217
BRDA:471,5,0,16
BRDA:471,5,1,1
BRDA:484,6,0,4
BRDA:484,6,1,2
BRDA:496,7,0,12
BRDA:496,7,1,1
BRDA:509,8,0,14
BRDA:509,8,1,8
BRDA:513,9,0,3135
BRDA:513,9,1,83
BRDA:521,10,0,3196
BRDA:521,10,1,22
BRF:20
BRH:20
end_of_record
TN:
SF:/home/travis/build/coveo/search-ui/src/utils/SVGDom.ts
FN:4,(anonymous_1105)
FN:5,(anonymous_1107)
FN:10,(anonymous_1108)
FN:15,(anonymous_1109)
FN:17,(anonymous_1110)
FN:22,(anonymous_1111)
FNF:6
FNH:6
FNDA:1,(anonymous_1105)
FNDA:5295,(anonymous_1107)
FNDA:58,(anonymous_1108)
FNDA:13,(anonymous_1109)
FNDA:13,(anonymous_1110)
FNDA:5353,(anonymous_1111)
DA:2,1
DA:4,2
DA:5,1
DA:6,5295
DA:7,5295
DA:10,1
DA:11,58
DA:12,58
DA:15,1
DA:16,13
DA:17,13
DA:18,13
DA:22,1
DA:23,5353
DA:24,5353
DA:26,1
LF:16
LH:16
BRDA:24,1,0,72
BRDA:24,1,1,5281
BRF:2
BRH:2
end_of_record
TN:
SF:/home/travis/build/coveo/search-ui/src/events/InitializationEvents.ts
FN:15,(anonymous_1113)
FNF:1
FNH:1
FNDA:1,(anonymous_1113)
DA:15,2
DA:22,1
DA:32,1
DA:41,1
DA:52,1
DA:61,1
DA:62,1
LF:7
LH:7
BRF:0
BRH:0
end_of_record
TN:
SF:/home/travis/build/coveo/search-ui/src/ui/SearchInterface/SearchInterface.ts
FN:123,(anonymous_1122)
FN:513,SearchInterface
FN:528,(anonymous_1124)
FN:545,(anonymous_1125)
FN:541,(anonymous_1126)
FN:565,(anonymous_1127)
FN:575,(anonymous_1128)
FN:587,(anonymous_1129)
FN:613,(anonymous_1130)
FN:624,(anonymous_1131)
FN:625,(anonymous_1132)
FN:648,(anonymous_1133)
FN:662,(anonymous_1134)
FN:663,(anonymous_1135)
FN:665,(anonymous_1136)
FN:666,(anonymous_1137)
FN:670,(anonymous_1138)
FN:678,(anonymous_1139)
FN:682,(anonymous_1140)
FN:696,(anonymous_1141)
FN:704,(anonymous_1142)
FN:706,(anonymous_1143)
FN:707,(anonymous_1144)
FN:708,(anonymous_1145)
FN:709,(anonymous_1146)
FN:710,(anonymous_1147)
FN:712,(anonymous_1148)
FN:717,(anonymous_1149)
FN:720,(anonymous_1150)
FN:722,(anonymous_1151)
FN:726,(anonymous_1152)
FN:733,(anonymous_1153)
FN:735,(anonymous_1154)
FN:737,(anonymous_1155)
FN:750,(anonymous_1156)
FN:790,(anonymous_1157)
FN:797,(anonymous_1158)
FN:809,(anonymous_1159)
FN:818,(anonymous_1160)
FN:822,(anonymous_1161)
FN:827,(anonymous_1162)
FN:835,(anonymous_1163)
FN:846,(anonymous_1164)
FN:855,(anonymous_1165)
FN:861,(anonymous_1166)
FN:869,(anonymous_1167)
FN:877,(anonymous_1168)
FN:888,(anonymous_1169)
FN:892,(anonymous_1170)
FN:899,(anonymous_1171)
FN:904,(anonymous_1172)
FN:907,(anonymous_1173)
FN:909,(anonymous_1174)
FN:911,(anonymous_1175)
FN:918,(anonymous_1176)
FN:968,(anonymous_1177)
FN:978,(anonymous_1178)
FN:997,(anonymous_1179)
FN:1005,(anonymous_1180)
FN:1006,(anonymous_1181)
FN:1007,(anonymous_1182)
FN:1015,(anonymous_1183)
FN:1035,(anonymous_1184)
FN:1041,(anonymous_1185)
FN:1045,(anonymous_1186)
FN:1053,(anonymous_1187)
FN:1060,(anonymous_1188)
FN:325,(anonymous_1189)
FN:326,(anonymous_1190)
FN:339,(anonymous_1191)
FN:464,(anonymous_1192)
FN:1088,(anonymous_1193)
FN:1095,StandaloneSearchInterface
FN:1102,(anonymous_1195)
FN:1105,(anonymous_1196)
FN:1128,(anonymous_1197)
FN:1154,(anonymous_1198)
FN:1159,(anonymous_1199)
FNF:78
FNH:55
FNDA:1,(anonymous_1122)
FNDA:248,SearchInterface
FNDA:30,(anonymous_1124)
FNDA:2,(anonymous_1125)
FNDA:4,(anonymous_1126)
FNDA:58,(anonymous_1127)
FNDA:4,(anonymous_1128)
FNDA:529,(anonymous_1129)
FNDA:5,(anonymous_1130)
FNDA:5,(anonymous_1131)
FNDA:5,(anonymous_1132)
FNDA:216,(anonymous_1133)
FNDA:2,(anonymous_1134)
FNDA:4,(anonymous_1135)
FNDA:4,(anonymous_1136)
FNDA:3,(anonymous_1137)
FNDA:248,(anonymous_1138)
FNDA:248,(anonymous_1139)
FNDA:34,(anonymous_1140)
FNDA:248,(anonymous_1141)
FNDA:248,(anonymous_1142)
FNDA:67,(anonymous_1143)
FNDA:82,(anonymous_1144)
FNDA:50,(anonymous_1145)
FNDA:5,(anonymous_1146)
FNDA:33,(anonymous_1147)
FNDA:0,(anonymous_1148)
FNDA:0,(anonymous_1149)
FNDA:248,(anonymous_1150)
FNDA:245,(anonymous_1151)
FNDA:248,(anonymous_1152)
FNDA:0,(anonymous_1153)
FNDA:0,(anonymous_1154)
FNDA:0,(anonymous_1155)
FNDA:67,(anonymous_1156)
FNDA:38,(anonymous_1157)
FNDA:0,(anonymous_1158)
FNDA:38,(anonymous_1159)
FNDA:0,(anonymous_1160)
FNDA:0,(anonymous_1161)
FNDA:0,(anonymous_1162)
FNDA:0,(anonymous_1163)
FNDA:38,(anonymous_1164)
FNDA:0,(anonymous_1165)
FNDA:0,(anonymous_1166)
FNDA:0,(anonymous_1167)
FNDA:0,(anonymous_1168)
FNDA:38,(anonymous_1169)
FNDA:0,(anonymous_1170)
FNDA:0,(anonymous_1171)
FNDA:0,(anonymous_1172)
FNDA:0,(anonymous_1173)
FNDA:0,(anonymous_1174)
FNDA:0,(anonymous_1175)
FNDA:82,(anonymous_1176)
FNDA:50,(anonymous_1177)
FNDA:50,(anonymous_1178)
FNDA:5,(anonymous_1179)
FNDA:33,(anonymous_1180)
FNDA:43,(anonymous_1181)
FNDA:43,(anonymous_1182)
FNDA:55,(anonymous_1183)
FNDA:0,(anonymous_1184)
FNDA:237,(anonymous_1185)
FNDA:11,(anonymous_1186)
FNDA:3,(anonymous_1187)
FNDA:11,(anonymous_1188)
FNDA:0,(anonymous_1189)
FNDA:222,(anonymous_1190)
FNDA:240,(anonymous_1191)
FNDA:0,(anonymous_1192)
FNDA:1,(anonymous_1193)
FNDA:10,StandaloneSearchInterface
FNDA:8,(anonymous_1195)
FNDA:8,(anonymous_1196)
FNDA:8,(anonymous_1197)
FNDA:8,(anonymous_1198)
FNDA:8,(anonymous_1199)
DA:1,1
DA:2,1
DA:3,1
DA:4,1
DA:5,1
DA:6,1
DA:7,1
DA:9,1
DA:10,1
DA:11,1
DA:12,1
DA:13,1
DA:21,1
DA:22,1
DA:23,1
DA:24,1
DA:25,1
DA:26,1
DA:27,1
DA:28,1
DA:29,1
DA:30,1
DA:31,1
DA:32,1
DA:34,1
DA:35,1
DA:37,1
DA:38,1
DA:39,1
DA:40,1
DA:42,1
DA:48,1
DA:49,1
DA:51,1
DA:123,1
DA:124,1
DA:130,1
DA:325,0
DA:326,222
DA:339,240
DA:466,0
DA:467,0
DA:469,0
DA:470,0
DA:479,1
DA:494,248
DA:513,649
DA:516,248
DA:517,248
DA:518,248
DA:519,248
DA:521,248
DA:523,248
DA:524,248
DA:525,248
DA:526,248
DA:527,248
DA:528,248
DA:529,248
DA:531,248
DA:532,248
DA:534,248
DA:536,248
DA:537,248
DA:538,248
DA:541,1
DA:542,4
DA:546,2
DA:547,0
DA:549,2
DA:550,2
DA:554,0
DA:555,0
DA:565,1
DA:566,58
DA:575,1
DA:576,4
DA:577,4
DA:578,4
DA:579,4
DA:587,1
DA:588,529
DA:613,1
DA:614,5
DA:616,5
DA:617,5
DA:618,1
DA:620,4
DA:622,4
DA:623,3
DA:624,5
DA:625,5
DA:627,3
DA:628,3
DA:633,5
DA:648,1
DA:649,216
DA:650,51
DA:652,216
DA:653,201
DA:655,216
DA:662,2
DA:663,2
DA:664,4
DA:665,4
DA:666,3
DA:670,1
DA:671,248
DA:672,248
DA:673,248
DA:675,0
DA:678,248
DA:679,248
DA:680,244
DA:682,244
DA:683,34
DA:685,244
DA:688,4
DA:689,2
DA:690,2
DA:693,2
DA:696,1
DA:697,248
DA:698,237
DA:700,11
DA:704,248
DA:705,248
DA:706,248
DA:707,248
DA:708,248
DA:709,248
DA:710,248
DA:711,248
DA:712,248
DA:714,248
DA:716,248
DA:717,248
DA:720,248
DA:721,248
DA:722,247
DA:726,1
DA:727,248
DA:728,248
DA:729,248
DA:730,248
DA:733,1
DA:734,0
DA:735,0
DA:738,0
DA:739,0
DA:740,0
DA:741,0
DA:742,0
DA:750,1
DA:751,67
DA:752,67
DA:754,67
DA:755,67
DA:758,67
DA:759,38
DA:760,38
DA:761,0
DA:762,0
DA:763,0
DA:767,67
DA:768,38
DA:769,38
DA:770,0
DA:771,0
DA:775,67
DA:776,38
DA:779,67
DA:780,38
DA:785,67
DA:786,30
DA:790,1
DA:791,38
DA:792,38
DA:793,0
DA:795,0
DA:797,0
DA:799,0
DA:802,0
DA:803,0
DA:806,38
DA:809,1
DA:810,38
DA:811,38
DA:812,38
DA:813,38
DA:814,38
DA:816,0
DA:817,0
DA:818,0
DA:820,0
DA:822,0
DA:824,0
DA:827,0
DA:828,0
DA:829,0
DA:831,0
DA:835,38
DA:836,0
DA:839,38
DA:840,0
DA:843,38
DA:846,1
DA:847,38
DA:848,38
DA:849,38
DA:851,38
DA:852,38
DA:853,38
DA:854,0
DA:855,0
DA:856,0
DA:859,0
DA:861,0
DA:863,0
DA:864,0
DA:866,0
DA:869,0
DA:870,0
DA:871,0
DA:873,0
DA:877,38
DA:878,0
DA:881,38
DA:882,0
DA:885,38
DA:888,1
DA:889,38
DA:890,38
DA:891,38
DA:892,38
DA:893,0
DA:896,38
DA:899,1
DA:900,0
DA:901,0
DA:902,0
DA:903,0
DA:904,0
DA:905,0
DA:906,0
DA:907,0
DA:909,0
DA:911,0
DA:912,0
DA:918,1
DA:919,82
DA:920,1
DA:923,82
DA:924,1
DA:927,82
DA:928,1
DA:931,82
DA:932,82
DA:935,82
DA:936,82
DA:939,82
DA:940,1
DA:943,82
DA:944,1
DA:947,82
DA:948,82
DA:951,82
DA:953,82
DA:955,82
DA:957,82
DA:958,82
DA:959,82
DA:960,0
DA:961,0
DA:962,0
DA:963,0
DA:968,1
DA:969,50
DA:970,50
DA:971,50
DA:972,50
DA:973,50
DA:974,0
DA:978,1
DA:979,50
DA:980,0
DA:983,50
DA:984,50
DA:985,50
DA:986,50
DA:988,50
DA:989,1
DA:990,1
DA:992,49
DA:993,49
DA:997,1
DA:998,5
DA:999,5
DA:1000,5
DA:1001,0
DA:1005,33
DA:1006,33
DA:1007,43
DA:1008,43
DA:1009,0
DA:1015,60
DA:1016,55
DA:1017,55
DA:1018,55
DA:1019,55
DA:1020,55
DA:1022,55
DA:1023,4
DA:1025,55
DA:1026,4
DA:1028,55
DA:1029,0
DA:1031,55
DA:1032,4
DA:1034,55
DA:1035,0
DA:1036,0
DA:1041,1
DA:1042,237
DA:1045,11
DA:1046,11
DA:1053,11
DA:1054,3
DA:1055,3
DA:1056,3
DA:1060,11
DA:1061,11
DA:1062,6
DA:1063,6
DA:1064,1
DA:1065,1
DA:1067,5
DA:1068,5
DA:1069,5
DA:1071,5
DA:1082,1
DA:1088,1
DA:1089,1
DA:1091,1
DA:1095,11
DA:1096,10
DA:1097,10
DA:1098,10
DA:1099,22
DA:1102,10
DA:1105,1
DA:1106,8
DA:1107,0
DA:1110,8
DA:1115,8
DA:1117,8
DA:1118,0
DA:1121,8
DA:1123,8
DA:1124,8
DA:1128,8
DA:1129,8
DA:1130,8
DA:1132,8
DA:1135,3
DA:1136,1
DA:1138,3
DA:1140,8
DA:1141,8
DA:1142,3
DA:1145,8
DA:1146,8
DA:1147,8
DA:1149,8
DA:1150,8
DA:1154,8
DA:1155,8
DA:1159,1
DA:1160,8
DA:1162,1
LF:380
LH:302
BRDA:513,1,0,153
BRDA:513,1,1,95
BRDA:514,2,0,248
BRDA:514,2,1,0
BRDA:534,3,0,248
BRDA:534,3,1,247
BRDA:546,4,0,0
BRDA:546,4,1,2
BRDA:546,5,0,2
BRDA:546,5,1,0
BRDA:549,6,0,2
BRDA:549,6,1,0
BRDA:549,7,0,2
BRDA:549,7,1,2
BRDA:578,8,0,4
BRDA:578,8,1,0
BRDA:617,9,0,1
BRDA:617,9,1,4
BRDA:622,10,0,3
BRDA:622,10,1,1
BRDA:622,11,0,4
BRDA:622,11,1,4
BRDA:627,12,0,3
BRDA:627,12,1,0
BRDA:649,13,0,51
BRDA:649,13,1,165
BRDA:652,14,0,201
BRDA:652,14,1,15
BRDA:665,15,0,4
BRDA:665,15,1,4
BRDA:672,16,0,248
BRDA:672,16,1,0
BRDA:679,17,0,244
BRDA:679,17,1,4
BRDA:688,18,0,2
BRDA:688,18,1,2
BRDA:697,19,0,237
BRDA:697,19,1,11
BRDA:721,20,0,247
BRDA:721,20,1,1
BRDA:734,21,0,0
BRDA:734,21,1,0
BRDA:734,22,0,0
BRDA:734,22,1,0
BRDA:734,22,2,0
BRDA:758,23,0,38
BRDA:758,23,1,29
BRDA:758,24,0,67
BRDA:758,24,1,66
BRDA:760,25,0,0
BRDA:760,25,1,38
BRDA:761,26,0,0
BRDA:761,26,1,0
BRDA:762,27,0,0
BRDA:762,27,1,0
BRDA:767,28,0,38
BRDA:767,28,1,29
BRDA:767,29,0,67
BRDA:767,29,1,66
BRDA:769,30,0,0
BRDA:769,30,1,38
BRDA:770,31,0,0
BRDA:770,31,1,0
BRDA:775,32,0,38
BRDA:775,32,1,29
BRDA:775,33,0,67
BRDA:775,33,1,66
BRDA:779,34,0,38
BRDA:779,34,1,29
BRDA:779,35,0,67
BRDA:779,35,1,66
BRDA:785,36,0,30
BRDA:785,36,1,37
BRDA:785,37,0,67
BRDA:785,37,1,66
BRDA:785,37,2,32
BRDA:792,38,0,0
BRDA:792,38,1,38
BRDA:795,39,0,0
BRDA:795,39,1,0
BRDA:796,40,0,0
BRDA:796,40,1,0
BRDA:797,41,0,0
BRDA:797,41,1,0
BRDA:802,42,0,0
BRDA:802,42,1,0
BRDA:812,43,0,38
BRDA:812,43,1,0
BRDA:814,44,0,0
BRDA:814,44,1,38
BRDA:816,45,0,0
BRDA:816,45,1,0
BRDA:820,46,0,0
BRDA:820,46,1,0
BRDA:821,47,0,0
BRDA:821,47,1,0
BRDA:822,48,0,0
BRDA:822,48,1,0
BRDA:828,49,0,0
BRDA:828,49,1,0
BRDA:835,50,0,0
BRDA:835,50,1,38
BRDA:835,51,0,38
BRDA:835,51,1,0
BRDA:839,52,0,0
BRDA:839,52,1,38
BRDA:848,53,0,38
BRDA:848,53,1,0
BRDA:852,54,0,38
BRDA:852,54,1,0
BRDA:853,55,0,0
BRDA:853,55,1,38
BRDA:859,56,0,0
BRDA:859,56,1,0
BRDA:860,57,0,0
BRDA:860,57,1,0
BRDA:861,58,0,0
BRDA:861,58,1,0
BRDA:864,59,0,0
BRDA:864,59,1,0
BRDA:870,60,0,0
BRDA:870,60,1,0
BRDA:877,61,0,0
BRDA:877,61,1,38
BRDA:877,62,0,38
BRDA:877,62,1,0
BRDA:881,63,0,0
BRDA:881,63,1,38
BRDA:890,64,0,38
BRDA:890,64,1,0
BRDA:892,65,0,0
BRDA:892,65,1,38
BRDA:901,66,0,0
BRDA:901,66,1,0
BRDA:903,67,0,0
BRDA:903,67,1,0
BRDA:905,68,0,0
BRDA:905,68,1,0
BRDA:919,69,0,1
BRDA:919,69,1,81
BRDA:923,70,0,1
BRDA:923,70,1,81
BRDA:927,71,0,1
BRDA:927,71,1,81
BRDA:931,72,0,82
BRDA:931,72,1,0
BRDA:935,73,0,82
BRDA:935,73,1,0
BRDA:939,74,0,1
BRDA:939,74,1,81
BRDA:943,75,0,1
BRDA:943,75,1,81
BRDA:947,76,0,82
BRDA:947,76,1,0
BRDA:958,77,0,82
BRDA:958,77,1,0
BRDA:958,78,0,82
BRDA:958,78,1,82
BRDA:959,79,0,0
BRDA:959,79,1,82
BRDA:973,80,0,0
BRDA:973,80,1,50
BRDA:979,81,0,0
BRDA:979,81,1,50
BRDA:979,82,0,50
BRDA:979,82,1,50
BRDA:979,82,2,50
BRDA:986,83,0,50
BRDA:986,83,1,2
BRDA:988,84,0,1
BRDA:988,84,1,49
BRDA:988,85,0,50
BRDA:988,85,1,8
BRDA:1000,86,0,0
BRDA:1000,86,1,5
BRDA:1008,87,0,0
BRDA:1008,87,1,43
BRDA:1015,88,0,5
BRDA:1015,88,1,50
BRDA:1022,89,0,4
BRDA:1022,89,1,51
BRDA:1023,90,0,4
BRDA:1023,90,1,2
BRDA:1025,91,0,4
BRDA:1025,91,1,51
BRDA:1026,92,0,4
BRDA:1026,92,1,2
BRDA:1028,93,0,0
BRDA:1028,93,1,55
BRDA:1029,94,0,0
BRDA:1029,94,1,0
BRDA:1031,95,0,4
BRDA:1031,95,1,51
BRDA:1034,96,0,0
BRDA:1034,96,1,55
BRDA:1034,97,0,55
BRDA:1034,97,1,55
BRDA:1036,98,0,0
BRDA:1036,98,1,0
BRDA:1055,99,0,3
BRDA:1055,99,1,0
BRDA:1061,100,0,6
BRDA:1061,100,1,5
BRDA:1063,101,0,1
BRDA:1063,101,1,5
BRDA:325,102,0,0
BRDA:325,102,1,0
BRDA:325,103,0,0
BRDA:325,103,1,0
BRDA:466,104,0,0
BRDA:466,104,1,0
BRDA:466,105,0,0
BRDA:466,105,1,0
BRDA:466,105,2,0
BRDA:466,105,3,0
BRDA:1099,106,0,2
BRDA:1099,106,1,8
BRDA:1101,107,0,10
BRDA:1101,107,1,0
BRDA:1106,108,0,0
BRDA:1106,108,1,8
BRDA:1117,109,0,0
BRDA:1117,109,1,8
BRDA:1123,110,0,8
BRDA:1123,110,1,0
BRDA:1123,111,0,8
BRDA:1123,111,1,8
BRDA:1132,112,0,3
BRDA:1132,112,1,5
BRDA:1135,113,0,1
BRDA:1135,113,1,2
BRDA:1141,114,0,3
BRDA:1141,114,1,5
BRDA:1141,115,0,8
BRDA:1141,115,1,3
BRDA:1149,116,0,8
BRDA:1149,116,1,0
BRDA:1150,117,0,2
BRDA:1150,117,1,6
BRF:239
BRH:140
end_of_record
TN:
SF:/home/travis/build/coveo/search-ui/src/utils/AccessibleButton.ts
FN:7,(anonymous_1201)
FN:22,AccessibleButton
FN:26,(anonymous_1203)
FN:31,(anonymous_1204)
FN:40,(anonymous_1205)
FN:45,(anonymous_1206)
FN:50,(anonymous_1207)
FN:56,(anonymous_1208)
FN:61,(anonymous_1209)
FN:66,(anonymous_1210)
FN:72,(anonymous_1211)
FN:77,(anonymous_1212)
FN:82,(anonymous_1213)
FN:88,(anonymous_1214)
FN:93,(anonymous_1215)
FN:98,(anonymous_1216)
FN:115,(anonymous_1217)
FN:120,(anonymous_1218)
FN:125,(anonymous_1219)
FN:126,(anonymous_1220)
FN:132,(anonymous_1221)
FN:135,(anonymous_1222)
FN:141,(anonymous_1223)
FN:149,(anonymous_1224)
FN:153,(anonymous_1225)
FN:157,(anonymous_1226)
FN:160,(anonymous_1227)
FN:168,(anonymous_1228)
FN:178,(anonymous_1229)
FN:187,(anonymous_1230)
FN:196,(anonymous_1231)
FNF:31
FNH:29
FNDA:1,(anonymous_1201)
FNDA:3482,AccessibleButton
FNDA:248,(anonymous_1203)
FNDA:3482,(anonymous_1204)
FNDA:3460,(anonymous_1205)
FNDA:50,(anonymous_1206)
FNDA:2889,(anonymous_1207)
FNDA:490,(anonymous_1208)
FNDA:543,(anonymous_1209)
FNDA:8,(anonymous_1210)
FNDA:2,(anonymous_1211)
FNDA:2,(anonymous_1212)
FNDA:8,(anonymous_1213)
FNDA:2,(anonymous_1214)
FNDA:29,(anonymous_1215)
FNDA:3482,(anonymous_1216)
FNDA:3482,(anonymous_1217)
FNDA:0,(anonymous_1218)
FNDA:0,(anonymous_1219)
FNDA:3,(anonymous_1220)
FNDA:3,(anonymous_1221)
FNDA:3482,(anonymous_1222)
FNDA:3482,(anonymous_1223)
FNDA:3482,(anonymous_1224)
FNDA:3432,(anonymous_1225)
FNDA:3482,(anonymous_1226)
FNDA:10,(anonymous_1227)
FNDA:3482,(anonymous_1228)
FNDA:3482,(anonymous_1229)
FNDA:3482,(anonymous_1230)
FNDA:6925,(anonymous_1231)
DA:1,1
DA:3,1
DA:4,1
DA:5,1
DA:7,1
DA:22,1
DA:23,3482
DA:26,1
DA:27,248
DA:28,248
DA:31,1
DA:32,3482
DA:33,1840
DA:35,1642
DA:37,3482
DA:40,1
DA:41,3460
DA:42,3460
DA:45,1
DA:46,50
DA:47,50
DA:50,1
DA:51,2889
DA:52,2889
DA:53,2889
DA:56,1
DA:57,490
DA:58,490
DA:61,1
DA:62,543
DA:63,543
DA:66,1
DA:67,8
DA:68,8
DA:69,8
DA:72,1
DA:73,2
DA:74,2
DA:77,1
DA:78,2
DA:79,2
DA:82,1
DA:83,8
DA:84,8
DA:85,8
DA:88,1
DA:89,2
DA:90,2
DA:93,1
DA:94,29
DA:95,29
DA:98,1
DA:99,3482
DA:100,0
DA:103,3482
DA:104,3482
DA:105,3482
DA:106,3482
DA:107,3482
DA:108,3482
DA:109,3482
DA:110,3482
DA:112,3482
DA:115,3482
DA:116,3482
DA:117,3482
DA:118,3482
DA:120,3482
DA:121,0
DA:122,0
DA:125,3482
DA:126,3482
DA:127,3
DA:128,3
DA:132,3482
DA:135,1
DA:136,3482
DA:137,3232
DA:141,1
DA:142,3482
DA:143,22
DA:144,22
DA:146,3460
DA:149,1
DA:150,3482
DA:153,1
DA:154,3432
DA:157,3482
DA:158,3482
DA:159,3432
DA:160,3432
DA:163,3482
DA:164,3379
DA:168,1
DA:169,3482
DA:170,37
DA:173,3482
DA:174,10
DA:178,1
DA:179,3482
DA:180,10
DA:182,3482
DA:183,10
DA:187,1
DA:188,3482
DA:189,10
DA:191,3482
DA:192,37
DA:196,1
DA:197,6925
DA:198,532
DA:200,6393
DA:203,1
LF:113
LH:110
BRDA:32,1,0,1840
BRDA:32,1,1,1642
BRDA:99,2,0,0
BRDA:99,2,1,3482
BRDA:127,3,0,3
BRDA:127,3,1,0
BRDA:136,4,0,3232
BRDA:136,4,1,250
BRDA:142,5,0,22
BRDA:142,5,1,3460
BRDA:150,6,0,3482
BRDA:150,6,1,50
BRDA:158,7,0,3432
BRDA:158,7,1,50
BRDA:163,8,0,3379
BRDA:163,8,1,103
BRDA:169,9,0,37
BRDA:169,9,1,3445
BRDA:173,10,0,10
BRDA:173,10,1,3472
BRDA:179,11,0,10
BRDA:179,11,1,3472
BRDA:182,12,0,10
BRDA:182,12,1,3472
BRDA:188,13,0,10
BRDA:188,13,1,3472
BRDA:191,14,0,37
BRDA:191,14,1,3445
BRDA:197,15,0,532
BRDA:197,15,1,6393
BRF:30
BRH:28
end_of_record
TN:
SF:/home/travis/build/coveo/search-ui/src/models/Model.ts
FN:40,(anonymous_1238)
FN:66,Model
FN:85,(anonymous_1240)
FN:96,(anonymous_1241)
FN:98,(anonymous_1242)
FN:124,(anonymous_1243)
FN:127,(anonymous_1244)
FN:161,(anonymous_1245)
FN:174,(anonymous_1246)
FN:185,(anonymous_1247)
FN:200,(anonymous_1248)
FN:213,(anonymous_1249)
FN:225,(anonymous_1250)
FN:238,(anonymous_1251)
FN:242,(anonymous_1252)
FN:246,(anonymous_1253)
FN:250,(anonymous_1254)
FN:254,(anonymous_1255)
FN:258,(anonymous_1256)
FN:262,(anonymous_1257)
FN:266,(anonymous_1258)
FN:270,(anonymous_1259)
FN:274,(anonymous_1260)
FN:278,(anonymous_1261)
FN:291,(anonymous_1262)
FN:299,(anonymous_1263)
FN:307,(anonymous_1264)
FN:317,(anonymous_1265)
FN:330,(anonymous_1266)
FN:344,(anonymous_1267)
FNF:30
FNH:27
FNDA:1,(anonymous_1238)
FNDA:1050,Model
FNDA:247,(anonymous_1240)
FNDA:77,(anonymous_1241)
FNDA:931,(anonymous_1242)
FNDA:397,(anonymous_1243)
FNDA:1375,(anonymous_1244)
FNDA:0,(anonymous_1245)
FNDA:0,(anonymous_1246)
FNDA:1436,(anonymous_1247)
FNDA:5,(anonymous_1248)
FNDA:8,(anonymous_1249)
FNDA:436,(anonymous_1250)
FNDA:4423,(anonymous_1251)
FNDA:207,(anonymous_1252)
FNDA:209,(anonymous_1253)
FNDA:397,(anonymous_1254)
FNDA:8,(anonymous_1255)
FNDA:207,(anonymous_1256)
FNDA:209,(anonymous_1257)
FNDA:207,(anonymous_1258)
FNDA:215,(anonymous_1259)
FNDA:1373,(anonymous_1260)
FNDA:1373,(anonymous_1261)
FNDA:191,(anonymous_1262)
FNDA:95,(anonymous_1263)
FNDA:1086,(anonymous_1264)
FNDA:1375,(anonymous_1265)
FNDA:1365,(anonymous_1266)
FNDA:0,(anonymous_1267)
DA:1,1
DA:2,1
DA:3,1
DA:4,1
DA:5,1
DA:8,1
DA:40,1
DA:58,1
DA:66,1051
DA:68,1050
DA:70,1050
DA:71,1050
DA:72,1050
DA:85,1
DA:86,247
DA:87,247
DA:88,247
DA:96,77
DA:97,77
DA:98,77
DA:99,931
DA:100,39
DA:101,22
DA:103,892
DA:104,28
DA:107,77
DA:124,397
DA:125,397
DA:126,397
DA:127,397
DA:128,1375
DA:129,1373
DA:131,1375
DA:132,1375
DA:133,1373
DA:134,10
DA:137,1365
DA:138,209
DA:139,209
DA:140,209
DA:141,209
DA:145,397
DA:146,207
DA:147,207
DA:161,1
DA:162,0
DA:163,0
DA:165,0
DA:174,1
DA:175,0
DA:185,1
DA:186,1436
DA:187,0
DA:189,1436
DA:200,1
DA:201,5
DA:202,0
DA:204,5
DA:213,1
DA:214,8
DA:215,8
DA:225,1
DA:226,436
DA:227,436
DA:238,1
DA:239,4423
DA:242,1
DA:243,207
DA:246,1
DA:247,209
DA:250,1
DA:251,397
DA:254,1
DA:255,8
DA:258,1
DA:259,207
DA:262,1
DA:263,209
DA:266,1
DA:267,207
DA:270,1
DA:271,215
DA:274,1
DA:275,1373
DA:278,1
DA:279,1373
DA:280,1372
DA:281,191
DA:282,1181
DA:283,95
DA:285,1086
DA:288,1
DA:291,1
DA:292,191
DA:293,4
DA:294,4
DA:296,187
DA:299,1
DA:300,95
DA:301,0
DA:302,0
DA:304,95
DA:307,1
DA:308,1086
DA:309,1086
DA:310,6
DA:311,6
DA:314,1080
DA:317,1
DA:318,1375
DA:319,191
DA:320,1184
DA:321,95
DA:322,95
DA:324,0
DA:327,1089
DA:330,1
DA:331,1365
DA:332,1365
DA:333,1192
DA:335,173
DA:336,138
DA:338,35
DA:339,34
DA:341,1
DA:344,1
DA:345,0
DA:347,1
LF:128
LH:118
BRDA:67,1,0,1050
BRDA:67,1,1,1050
BRDA:99,2,0,39
BRDA:99,2,1,892
BRDA:100,3,0,22
BRDA:100,3,1,17
BRDA:103,4,0,28
BRDA:103,4,1,864
BRDA:128,5,0,1373
BRDA:128,5,1,2
BRDA:128,6,0,1375
BRDA:128,6,1,2
BRDA:132,7,0,1373
BRDA:132,7,1,2
BRDA:132,8,0,1375
BRDA:132,8,1,2
BRDA:133,9,0,10
BRDA:133,9,1,1363
BRDA:137,10,0,209
BRDA:137,10,1,1156
BRDA:140,11,0,209
BRDA:140,11,1,0
BRDA:140,12,0,209
BRDA:140,12,1,1
BRDA:145,13,0,207
BRDA:145,13,1,190
BRDA:145,14,0,397
BRDA:145,14,1,207
BRDA:145,14,2,1
BRDA:162,15,0,0
BRDA:162,15,1,0
BRDA:162,16,0,0
BRDA:162,16,1,0
BRDA:186,17,0,0
BRDA:186,17,1,1436
BRDA:201,18,0,0
BRDA:201,18,1,5
BRDA:279,19,0,1372
BRDA:279,19,1,1
BRDA:279,20,0,1373
BRDA:279,20,1,1372
BRDA:280,21,0,191
BRDA:280,21,1,1181
BRDA:282,22,0,95
BRDA:282,22,1,1086
BRDA:292,23,0,4
BRDA:292,23,1,187
BRDA:292,24,0,191
BRDA:292,24,1,191
BRDA:300,25,0,0
BRDA:300,25,1,95
BRDA:300,26,0,95
BRDA:300,26,1,0
BRDA:308,27,0,1086
BRDA:308,27,1,0
BRDA:309,28,0,6
BRDA:309,28,1,1080
BRDA:318,29,0,191
BRDA:318,29,1,1184
BRDA:320,30,0,95
BRDA:320,30,1,1089
BRDA:321,31,0,95
BRDA:321,31,1,0
BRDA:332,32,0,1192
BRDA:332,32,1,173
BRDA:332,33,0,1365
BRDA:332,33,1,1178
BRDA:332,33,2,268
BRDA:335,34,0,138
BRDA:335,34,1,35
BRDA:338,35,0,34
BRDA:338,35,1,1
BRF:72
BRH:61
end_of_record
TN:
SF:/home/travis/build/coveo/search-ui/src/ui/Templates/Template.ts
FN:37,(anonymous_1269)
FN:43,DefaultInstantiateTemplateOptions
FN:50,(anonymous_1271)
FN:59,(anonymous_1272)
FN:67,(anonymous_1273)
FN:79,Template
FN:81,(anonymous_1275)
FN:162,(anonymous_1276)
FN:168,(anonymous_1277)
FN:174,(anonymous_1278)
FN:175,(anonymous_1279)
FN:183,(anonymous_1280)
FN:191,(anonymous_1281)
FN:198,(anonymous_1282)
FN:202,(anonymous_1283)
FN:206,(anonymous_1284)
FN:210,(anonymous_1285)
FN:220,(anonymous_1286)
FN:225,(anonymous_1287)
FN:226,(anonymous_1288)
FN:230,(anonymous_1289)
FNF:21
FNH:19
FNDA:1,(anonymous_1269)
FNDA:1639,DefaultInstantiateTemplateOptions
FNDA:1627,(anonymous_1271)
FNDA:1626,(anonymous_1272)
FNDA:1,(anonymous_1273)
FNDA:438,Template
FNDA:113,(anonymous_1275)
FNDA:0,(anonymous_1276)
FNDA:252,(anonymous_1277)
FNDA:914,(anonymous_1278)
FNDA:71308,(anonymous_1279)
FNDA:880,(anonymous_1280)
FNDA:872,(anonymous_1281)
FNDA:0,(anonymous_1282)
FNDA:6,(anonymous_1283)
FNDA:1,(anonymous_1284)
FNDA:6,(anonymous_1285)
FNDA:1,(anonymous_1286)
FNDA:872,(anonymous_1287)
FNDA:1742,(anonymous_1288)
FNDA:872,(anonymous_1289)
DA:1,1
DA:2,1
DA:3,1
DA:4,1
DA:6,1
DA:7,1
DA:8,1
DA:9,1
DA:37,1
DA:43,1
DA:44,1639
DA:45,1639
DA:46,1639
DA:47,1639
DA:50,1
DA:51,1627
DA:59,1
DA:60,1626
DA:61,1624
DA:63,2
DA:65,1
DA:67,1
DA:68,438
DA:75,438
DA:79,438
DA:81,1
DA:83,124
DA:85,113
DA:86,113
DA:87,17
DA:93,96
DA:94,3
DA:99,96
DA:100,1
DA:101,1
DA:102,95
DA:103,1
DA:104,1
DA:107,94
DA:108,1
DA:109,1
DA:110,93
DA:111,1
DA:112,1
DA:115,92
DA:116,1
DA:117,1
DA:118,91
DA:119,1
DA:120,1
DA:123,90
DA:124,1
DA:125,1
DA:127,89
DA:128,89
DA:130,89
DA:131,32
DA:132,32
DA:135,57
DA:139,1
DA:140,1
DA:143,56
DA:144,2
DA:145,2
DA:148,54
DA:149,43
DA:150,43
DA:153,1
DA:154,1
DA:155,1
DA:158,11
DA:159,11
DA:162,1
DA:163,0
DA:164,0
DA:168,1
DA:169,252
DA:170,155
DA:174,1
DA:175,914
DA:176,71308
DA:177,71308
DA:180,914
DA:183,908
DA:184,880
DA:185,880
DA:187,876
DA:188,4
DA:191,872
DA:192,872
DA:193,872
DA:194,872
DA:198,1
DA:199,0
DA:202,1
DA:203,6
DA:206,1
DA:207,1
DA:210,1
DA:213,6
DA:214,6
DA:216,0
DA:220,1
DA:222,1
DA:225,1
DA:226,1742
DA:227,872
DA:230,1
DA:231,872
DA:232,872
DA:233,872
DA:235,872
DA:236,83
DA:239,872
DA:240,775
DA:243,872
DA:244,872
DA:246,1
LF:118
LH:114
BRDA:60,1,0,1624
BRDA:60,1,1,2
BRDA:83,2,0,11
BRDA:83,2,1,102
BRDA:85,3,0,113
BRDA:85,3,1,0
BRDA:86,4,0,17
BRDA:86,4,1,96
BRDA:93,5,0,3
BRDA:93,5,1,93
BRDA:99,6,0,1
BRDA:99,6,1,95
BRDA:99,7,0,96
BRDA:99,7,1,2
BRDA:102,8,0,1
BRDA:102,8,1,94
BRDA:102,9,0,95
BRDA:102,9,1,2
BRDA:107,10,0,1
BRDA:107,10,1,93
BRDA:107,11,0,94
BRDA:107,11,1,2
BRDA:110,12,0,1
BRDA:110,12,1,92
BRDA:110,13,0,93
BRDA:110,13,1,2
BRDA:115,14,0,1
BRDA:115,14,1,91
BRDA:115,15,0,92
BRDA:115,15,1,2
BRDA:118,16,0,1
BRDA:118,16,1,90
BRDA:118,17,0,91
BRDA:118,17,1,2
BRDA:123,18,0,1
BRDA:123,18,1,89
BRDA:123,19,0,90
BRDA:123,19,1,15
BRDA:123,19,2,1
BRDA:130,20,0,32
BRDA:130,20,1,57
BRDA:130,21,0,89
BRDA:130,21,1,38
BRDA:135,22,0,1
BRDA:135,22,1,56
BRDA:136,23,0,57
BRDA:136,23,1,3
BRDA:143,24,0,2
BRDA:143,24,1,54
BRDA:143,25,0,56
BRDA:143,25,1,5
BRDA:148,26,0,43
BRDA:148,26,1,11
BRDA:148,27,0,54
BRDA:148,27,1,48
BRDA:148,27,2,46
BRDA:163,28,0,0
BRDA:163,28,1,0
BRDA:169,29,0,155
BRDA:169,29,1,97
BRDA:177,30,0,1758
BRDA:177,30,1,69550
BRDA:183,31,0,28
BRDA:183,31,1,852
BRDA:187,32,0,4
BRDA:187,32,1,872
BRDA:222,33,0,0
BRDA:222,33,1,1
BRDA:222,34,0,0
BRDA:222,34,1,1
BRDA:231,35,0,872
BRDA:231,35,1,836
BRDA:232,36,0,5
BRDA:232,36,1,867
BRDA:235,37,0,83
BRDA:235,37,1,789
BRDA:235,38,0,872
BRDA:235,38,1,92
BRDA:239,39,0,775
BRDA:239,39,1,97
BRF:80
BRH:75
end_of_record
TN:
SF:/home/travis/build/coveo/search-ui/src/misc/Defer.ts
FN:3,(anonymous_1291)
FN:6,(anonymous_1293)
FN:11,(anonymous_1294)
FN:15,(anonymous_1295)
FN:16,(anonymous_1296)
FN:23,(anonymous_1297)
FNF:6
FNH:6
FNDA:1,(anonymous_1291)
FNDA:328,(anonymous_1293)
FNDA:549,(anonymous_1294)
FNDA:401,(anonymous_1295)
FNDA:399,(anonymous_1296)
FNDA:1021,(anonymous_1297)
DA:1,1
DA:3,2
DA:4,1
DA:6,1
DA:7,328
DA:8,328
DA:11,1
DA:12,549
DA:15,1
DA:16,401
DA:17,399
DA:18,73
DA:23,1
DA:24,1021
DA:25,328
DA:26,328
DA:27,328
DA:28,328
DA:30,693
DA:33,1
LF:20
LH:20
BRDA:17,1,0,73
BRDA:17,1,1,326
BRDA:24,2,0,328
BRDA:24,2,1,693
BRF:4
BRH:4
end_of_record
TN:
SF:/home/travis/build/coveo/search-ui/src/ui/Base/RegisteredNamedMethods.ts
FN:27,init
FN:28,(anonymous_1300)
FN:33,(anonymous_1301)
FN:46,initSearchbox
FN:53,(anonymous_1303)
FN:58,(anonymous_1304)
FN:72,initRecommendation
FN:88,(anonymous_1306)
FN:92,(anonymous_1307)
FN:93,(anonymous_1308)
FN:101,(anonymous_1309)
FN:118,executeQuery
FN:126,(anonymous_1311)
FN:175,state
FN:181,(anonymous_1313)
FN:196,get
FN:201,(anonymous_1315)
FN:205,result
FN:210,(anonymous_1317)
FN:214,getCoveoAnalyticsClient
FN:223,getCoveoAnalytics
FN:246,logCustomEvent
FN:253,(anonymous_1321)
FN:273,logSearchEvent
FN:282,(anonymous_1323)
FN:309,logSearchAsYouTypeEvent
FN:322,(anonymous_1325)
FN:343,logClickEvent
FN:357,(anonymous_1327)
FN:368,options
FN:372,(anonymous_1329)
FN:382,patch
FN:386,(anonymous_1331)
FN:390,initBox
FN:421,(anonymous_1333)
FN:426,(anonymous_1334)
FN:430,nuke
FN:434,(anonymous_1336)
FN:442,configureResourceRoot
FN:446,(anonymous_1338)
FN:484,load
FN:494,(anonymous_1340)
FNF:42
FNH:22
FNDA:9,init
FNDA:9,(anonymous_1300)
FNDA:0,(anonymous_1301)
FNDA:2,initSearchbox
FNDA:2,(anonymous_1303)
FNDA:0,(anonymous_1304)
FNDA:1,initRecommendation
FNDA:1,(anonymous_1306)
FNDA:1,(anonymous_1307)
FNDA:1,(anonymous_1308)
FNDA:0,(anonymous_1309)
FNDA:3,executeQuery
FNDA:2,(anonymous_1311)
FNDA:6,state
FNDA:0,(anonymous_1313)
FNDA:117,get
FNDA:0,(anonymous_1315)
FNDA:1,result
FNDA:0,(anonymous_1317)
FNDA:4,getCoveoAnalyticsClient
FNDA:4,getCoveoAnalytics
FNDA:1,logCustomEvent
FNDA:0,(anonymous_1321)
FNDA:1,logSearchEvent
FNDA:0,(anonymous_1323)
FNDA:1,logSearchAsYouTypeEvent
FNDA:0,(anonymous_1325)
FNDA:1,logClickEvent
FNDA:0,(anonymous_1327)
FNDA:1,options
FNDA:0,(anonymous_1329)
FNDA:1,patch
FNDA:0,(anonymous_1331)
FNDA:0,initBox
FNDA:0,(anonymous_1333)
FNDA:0,(anonymous_1334)
FNDA:0,nuke
FNDA:0,(anonymous_1336)
FNDA:0,configureResourceRoot
FNDA:0,(anonymous_1338)
FNDA:21,load
FNDA:0,(anonymous_1340)
DA:1,1
DA:2,1
DA:3,1
DA:4,1
DA:8,1
DA:9,1
DA:13,1
DA:16,1
DA:17,1
DA:27,9
DA:28,9
DA:29,9
DA:33,1
DA:34,0
DA:46,2
DA:47,2
DA:48,2
DA:49,2
DA:50,2
DA:51,2
DA:52,2
DA:53,2
DA:54,2
DA:58,1
DA:59,0
DA:72,2
DA:76,1
DA:78,1
DA:79,1
DA:80,1
DA:81,1
DA:82,1
DA:87,1
DA:88,1
DA:89,1
DA:92,1
DA:93,1
DA:94,1
DA:99,1
DA:101,0
DA:102,0
DA:118,2
DA:119,3
DA:121,3
DA:122,3
DA:123,3
DA:126,1
DA:127,2
DA:175,13
DA:176,6
DA:177,6
DA:178,6
DA:181,1
DA:182,0
DA:183,0
DA:185,0
DA:196,2
DA:197,117
DA:198,117
DA:201,1
DA:202,0
DA:205,2
DA:206,1
DA:207,1
DA:210,1
DA:211,0
DA:214,1
DA:215,4
DA:216,4
DA:217,4
DA:219,0
DA:223,1
DA:224,4
DA:225,4
DA:226,4
DA:228,0
DA:246,2
DA:247,1
DA:248,1
DA:249,1
DA:253,1
DA:254,0
DA:273,2
DA:274,1
DA:275,1
DA:276,1
DA:280,1
DA:283,0
DA:309,2
DA:314,1
DA:315,1
DA:316,1
DA:320,1
DA:323,0
DA:343,2
DA:349,1
DA:350,1
DA:351,1
DA:355,1
DA:358,0
DA:368,2
DA:369,1
DA:372,1
DA:373,0
DA:382,2
DA:383,1
DA:386,1
DA:387,0
DA:390,2
DA:391,0
DA:395,0
DA:396,0
DA:397,0
DA:398,0
DA:401,0
DA:402,0
DA:403,0
DA:404,0
DA:406,0
DA:407,0
DA:408,0
DA:410,0
DA:412,0
DA:414,0
DA:415,0
DA:416,0
DA:418,0
DA:419,0
DA:420,0
DA:421,0
DA:422,0
DA:426,1
DA:427,0
DA:430,2
DA:431,0
DA:434,1
DA:435,0
DA:442,2
DA:443,0
DA:446,1
DA:447,0
DA:484,2
DA:485,21
DA:486,19
DA:487,2
DA:488,1
DA:490,1
DA:494,1
DA:495,0
LF:149
LH:104
BRDA:27,1,0,0
BRDA:27,1,1,9
BRDA:33,2,0,0
BRDA:33,2,1,0
BRDA:46,3,0,0
BRDA:46,3,1,2
BRDA:58,4,0,0
BRDA:58,4,1,0
BRDA:76,5,0,0
BRDA:76,5,1,1
BRDA:87,6,0,1
BRDA:87,6,1,0
BRDA:101,7,0,0
BRDA:101,7,1,0
BRDA:101,8,0,0
BRDA:101,8,1,0
BRDA:182,9,0,0
BRDA:182,9,1,0
BRDA:216,10,0,4
BRDA:216,10,1,0
BRDA:225,11,0,4
BRDA:225,11,1,0
BRDA:248,12,0,1
BRDA:248,12,1,0
BRDA:275,13,0,1
BRDA:275,13,1,0
BRDA:315,14,0,1
BRDA:315,14,1,0
BRDA:350,15,0,1
BRDA:350,15,1,0
BRDA:368,16,0,0
BRDA:368,16,1,1
BRDA:372,17,0,0
BRDA:372,17,1,0
BRDA:395,18,0,0
BRDA:395,18,1,0
BRDA:398,19,0,0
BRDA:398,19,1,0
BRDA:401,20,0,0
BRDA:401,20,1,0
BRDA:404,21,0,0
BRDA:404,21,1,0
BRDA:412,22,0,0
BRDA:412,22,1,0
BRDA:419,23,0,0
BRDA:419,23,1,0
BRDA:485,24,0,19
BRDA:485,24,1,2
BRDA:487,25,0,1
BRDA:487,25,1,1
BRF:50
BRH:15
end_of_record
TN:
SF:/home/travis/build/coveo/search-ui/src/utils/StringUtils.ts
FN:7,(anonymous_1342)
FN:8,(anonymous_1344)
FN:18,(anonymous_1345)
FN:25,(anonymous_1346)
FN:29,(anonymous_1347)
FN:38,(anonymous_1348)
FN:43,(anonymous_1349)
FN:48,(anonymous_1350)
FN:49,(anonymous_1351)
FN:60,(anonymous_1352)
FN:71,(anonymous_1353)
FN:87,(anonymous_1354)
FN:92,(anonymous_1355)
FN:96,(anonymous_1356)
FN:105,(anonymous_1357)
FN:117,(anonymous_1358)
FN:121,(anonymous_1359)
FNF:17
FNH:15
FNDA:1,(anonymous_1342)
FNDA:1,(anonymous_1344)
FNDA:207,(anonymous_1345)
FNDA:4,(anonymous_1346)
FNDA:4,(anonymous_1347)
FNDA:61,(anonymous_1348)
FNDA:40,(anonymous_1349)
FNDA:0,(anonymous_1350)
FNDA:0,(anonymous_1351)
FNDA:14,(anonymous_1352)
FNDA:99,(anonymous_1353)
FNDA:2,(anonymous_1354)
FNDA:764,(anonymous_1355)
FNDA:202,(anonymous_1356)
FNDA:9,(anonymous_1357)
FNDA:193,(anonymous_1358)
FNDA:3,(anonymous_1359)
DA:1,1
DA:3,1
DA:4,1
DA:5,1
DA:7,2
DA:8,1
DA:9,1
DA:11,1
DA:12,1
DA:13,1
DA:15,1
DA:18,1
DA:19,207
DA:20,207
DA:21,207
DA:22,207
DA:25,1
DA:26,4
DA:29,1
DA:30,4
DA:31,3
DA:33,1
DA:34,1
DA:35,1
DA:38,1
DA:39,61
DA:40,61
DA:43,45
DA:44,40
DA:45,40
DA:47,40
DA:48,13
DA:49,0
DA:50,0
DA:51,0
DA:53,0
DA:57,27
DA:60,15
DA:61,14
DA:63,14
DA:65,14
DA:66,14
DA:68,14
DA:71,1
DA:72,99
DA:75,99
DA:76,97
DA:77,97
DA:78,97
DA:79,97
DA:80,97
DA:81,1
DA:84,99
DA:87,1
DA:88,2
DA:89,2
DA:92,1
DA:93,764
DA:96,1
DA:97,202
DA:98,202
DA:99,202
DA:100,108
DA:102,202
DA:105,1
DA:106,9
DA:107,9
DA:108,9
DA:109,99
DA:110,99
DA:111,99
DA:113,9
DA:117,1
DA:118,193
DA:121,1
DA:122,3
DA:125,1
DA:153,1
LF:78
LH:74
BRDA:30,1,0,3
BRDA:30,1,1,1
BRDA:43,2,0,5
BRDA:43,2,1,35
BRDA:47,3,0,13
BRDA:47,3,1,27
BRDA:50,4,0,0
BRDA:50,4,1,0
BRDA:60,5,0,1
BRDA:60,5,1,13
BRDA:80,6,0,1
BRDA:80,6,1,96
BRDA:84,7,0,24
BRDA:84,7,1,75
BRF:14
BRH:12
end_of_record
TN:
SF:/home/travis/build/coveo/search-ui/src/ui/Facet/Facet.ts
FN:116,(anonymous_1367)
FN:738,Facet
FN:743,(anonymous_1369)
FN:766,(anonymous_1370)
FN:771,(anonymous_1371)
FN:787,(anonymous_1372)
FN:795,(anonymous_1373)
FN:810,(anonymous_1374)
FN:824,(anonymous_1375)
FN:827,(anonymous_1376)
FN:841,(anonymous_1377)
FN:855,(anonymous_1378)
FN:858,(anonymous_1379)
FN:872,(anonymous_1380)
FN:886,(anonymous_1381)
FN:889,(anonymous_1382)
FN:902,(anonymous_1383)
FN:916,(anonymous_1384)
FN:919,(anonymous_1385)
FN:932,(anonymous_1386)
FN:947,(anonymous_1387)
FN:959,(anonymous_1388)
FN:968,(anonymous_1389)
FN:971,(anonymous_1390)
FN:980,(anonymous_1391)
FN:982,(anonymous_1392)
FN:989,(anonymous_1393)
FN:991,(anonymous_1394)
FN:997,(anonymous_1395)
FN:1011,(anonymous_1396)
FN:1023,(anonymous_1397)
FN:1033,(anonymous_1398)
FN:1046,(anonymous_1399)
FN:1064,(anonymous_1400)
FN:1068,(anonymous_1401)
FN:1075,(anonymous_1402)
FN:1086,(anonymous_1403)
FN:1094,(anonymous_1404)
[...]
FNH:1
FNDA:1,doMagicBoxExport
DA:1,1
DA:3,1
DA:4,1
DA:5,1
DA:6,1
DA:7,1
DA:8,1
DA:9,1
DA:10,1
DA:12,1
DA:13,1
DA:14,1
DA:15,1
DA:16,1
DA:17,1
DA:18,1
DA:19,1
DA:24,1
DA:26,2
DA:27,1
LF:20
LH:20
BRF:0
BRH:0
end_of_record
TN:
SF:/home/travis/build/coveo/search-ui/src/ui/Omnibox/FieldAddon.ts
FN:18,(anonymous_12970)
FN:22,FieldAddon
FN:23,(anonymous_12972)
FN:28,(anonymous_12973)
FN:48,(anonymous_12974)
FN:54,(anonymous_12975)
FN:91,(anonymous_12976)
FN:98,(anonymous_12977)
FN:99,(anonymous_12978)
FN:100,(anonymous_12979)
FN:117,(anonymous_12980)
FN:119,(anonymous_12981)
FN:125,(anonymous_12982)
FN:127,(anonymous_12983)
FN:128,(anonymous_12984)
FN:133,(anonymous_12985)
FN:142,(anonymous_12986)
FN:147,(anonymous_12987)
FN:149,(anonymous_12988)
FN:156,(anonymous_12989)
FN:160,(anonymous_12990)
FN:167,(anonymous_12991)
FN:177,(anonymous_12992)
FN:179,(anonymous_12993)
FN:185,(anonymous_12994)
FN:189,(anonymous_12995)
FN:196,(anonymous_12996)
FN:200,(anonymous_12997)
FN:202,(anonymous_12998)
FN:208,(anonymous_12999)
FN:212,(anonymous_13000)
FNF:31
FNH:20
FNDA:1,(anonymous_12970)
FNDA:4,FieldAddon
FNDA:6,(anonymous_12972)
FNDA:6,(anonymous_12973)
FNDA:0,(anonymous_12974)
FNDA:6,(anonymous_12975)
FNDA:5,(anonymous_12976)
FNDA:5,(anonymous_12977)
FNDA:3,(anonymous_12978)
FNDA:5,(anonymous_12979)
FNDA:4,(anonymous_12980)
FNDA:4,(anonymous_12981)
FNDA:1,(anonymous_12982)
FNDA:2,(anonymous_12983)
FNDA:2,(anonymous_12984)
FNDA:0,(anonymous_12985)
FNDA:4,(anonymous_12986)
FNDA:3,(anonymous_12987)
FNDA:5,(anonymous_12988)
FNDA:5,(anonymous_12989)
FNDA:5,(anonymous_12990)
FNDA:1,(anonymous_12991)
FNDA:0,(anonymous_12992)
FNDA:0,(anonymous_12993)
FNDA:0,(anonymous_12994)
FNDA:0,(anonymous_12995)
FNDA:0,(anonymous_12996)
FNDA:0,(anonymous_12997)
FNDA:0,(anonymous_12998)
FNDA:0,(anonymous_12999)
FNDA:0,(anonymous_13000)
DA:3,1
DA:6,1
DA:8,1
DA:18,1
DA:19,1
DA:20,4
DA:22,5
DA:23,4
DA:24,6
DA:28,6
DA:29,6
DA:30,6
DA:31,1
DA:33,5
DA:34,5
DA:35,0
DA:37,5
DA:38,5
DA:39,4
DA:41,5
DA:42,1
DA:44,5
DA:45,0
DA:47,5
DA:48,5
DA:49,0
DA:51,5
DA:54,1
DA:55,6
DA:56,6
DA:57,4
DA:58,4
DA:59,4
DA:60,4
DA:61,4
DA:63,2
DA:64,2
DA:65,1
DA:67,1
DA:68,1
DA:69,1
DA:70,0
DA:71,0
DA:74,1
DA:75,1
DA:76,1
DA:77,1
DA:80,1
DA:81,0
DA:82,0
DA:83,0
DA:84,0
DA:85,0
DA:86,0
DA:91,1
DA:92,5
DA:93,0
DA:95,5
DA:98,1
DA:99,5
DA:100,3
DA:101,5
DA:109,5
DA:111,3
DA:117,4
DA:118,4
DA:119,4
DA:120,4
DA:121,2
DA:123,2
DA:124,2
DA:126,1
DA:127,2
DA:128,2
DA:131,1
DA:134,0
DA:139,4
DA:142,1
DA:143,4
DA:144,4
DA:145,4
DA:147,4
DA:148,3
DA:150,5
DA:151,5
DA:157,5
DA:160,5
DA:162,3
DA:163,3
DA:167,1
DA:168,1
DA:178,0
DA:180,0
DA:186,0
DA:190,0
DA:196,1
DA:197,0
DA:198,0
DA:200,0
DA:201,0
DA:203,0
DA:209,0
DA:212,0
DA:214,0
DA:215,0
DA:218,1
LF:106
LH:80
BRDA:30,1,0,1
BRDA:30,1,1,5
BRDA:34,2,0,0
BRDA:34,2,1,5
BRDA:38,3,0,4
BRDA:38,3,1,1
BRDA:41,4,0,1
BRDA:41,4,1,4
BRDA:44,5,0,0
BRDA:44,5,1,5
BRDA:56,6,0,4
BRDA:56,6,1,2
BRDA:57,7,0,4
BRDA:57,7,1,0
BRDA:64,8,0,1
BRDA:64,8,1,1
BRDA:66,9,0,1
BRDA:66,9,1,0
BRDA:66,9,2,0
BRDA:67,10,0,1
BRDA:67,10,1,0
BRDA:69,11,0,0
BRDA:69,11,1,1
BRDA:70,12,0,0
BRDA:70,12,1,0
BRDA:80,13,0,0
BRDA:80,13,1,1
BRDA:82,14,0,0
BRDA:82,14,1,0
BRDA:92,15,0,0
BRDA:92,15,1,5
BRDA:95,16,0,5
BRDA:95,16,1,4
BRDA:104,17,0,0
BRDA:104,17,1,5
BRDA:118,18,0,4
BRDA:118,18,1,0
BRDA:120,19,0,2
BRDA:120,19,1,2
BRDA:127,20,0,2
BRDA:127,20,1,2
BRDA:143,21,0,4
BRDA:143,21,1,4
BRDA:144,22,0,4
BRDA:144,22,1,0
BRDA:150,23,0,5
BRDA:150,23,1,5
BRDA:153,24,0,3
BRDA:153,24,1,2
BRDA:157,25,0,5
BRDA:157,25,1,5
BRDA:209,26,0,0
BRDA:209,26,1,0
BRF:53
BRH:35
end_of_record
TN:
SF:/home/travis/build/coveo/search-ui/src/ui/Omnibox/OldOmniboxAddon.ts
FN:14,(anonymous_13002)
FN:15,OldOmniboxAddon
FN:16,(anonymous_13004)
FN:17,(anonymous_13005)
FN:23,(anonymous_13006)
FN:36,(anonymous_13007)
FN:54,(anonymous_13008)
FN:61,(anonymous_13009)
FN:64,(anonymous_13010)
FN:73,(anonymous_13011)
FN:77,(anonymous_13012)
FN:81,(anonymous_13013)
FN:87,(anonymous_13014)
FN:91,(anonymous_13015)
FN:105,(anonymous_13016)
FN:108,(anonymous_13017)
FN:111,(anonymous_13018)
FN:114,(anonymous_13019)
FN:117,(anonymous_13020)
FN:120,(anonymous_13021)
FN:127,(anonymous_13022)
FN:128,(anonymous_13023)
FN:130,(anonymous_13024)
FN:139,(anonymous_13025)
FN:140,(anonymous_13026)
FNF:25
FNH:10
FNDA:1,(anonymous_13002)
FNDA:100,OldOmniboxAddon
FNDA:11,(anonymous_13004)
FNDA:0,(anonymous_13005)
FNDA:11,(anonymous_13006)
FNDA:9,(anonymous_13007)
FNDA:31,(anonymous_13008)
FNDA:9,(anonymous_13009)
FNDA:13,(anonymous_13010)
FNDA:0,(anonymous_13011)
FNDA:0,(anonymous_13012)
FNDA:0,(anonymous_13013)
FNDA:0,(anonymous_13014)
FNDA:9,(anonymous_13015)
FNDA:0,(anonymous_13016)
FNDA:0,(anonymous_13017)
FNDA:0,(anonymous_13018)
FNDA:0,(anonymous_13019)
FNDA:0,(anonymous_13020)
FNDA:0,(anonymous_13021)
FNDA:9,(anonymous_13022)
FNDA:0,(anonymous_13023)
FNDA:0,(anonymous_13024)
FNDA:0,(anonymous_13025)
FNDA:0,(anonymous_13026)
DA:4,1
DA:10,1
DA:11,1
DA:12,1
DA:14,1
DA:15,101
DA:16,100
DA:17,11
DA:18,0
DA:23,1
DA:24,11
DA:26,11
DA:27,2
DA:30,9
DA:31,9
DA:33,9
DA:36,1
DA:37,9
DA:38,9
DA:39,9
DA:40,9
DA:41,9
DA:42,9
DA:43,0
DA:45,9
DA:46,49
DA:48,9
DA:49,0
DA:51,9
DA:54,1
DA:55,31
DA:56,9
DA:58,31
DA:61,9
DA:62,9
DA:63,9
DA:64,9
DA:65,13
DA:70,9
DA:73,1
DA:74,0
DA:77,1
DA:78,0
DA:81,1
DA:82,0
DA:83,0
DA:84,0
DA:87,1
DA:88,0
DA:91,9
DA:92,9
DA:93,9
DA:106,0
DA:109,0
DA:112,0
DA:115,0
DA:118,0
DA:121,0
DA:124,9
DA:127,1
DA:128,9
DA:129,0
DA:130,0
DA:131,0
DA:138,0
DA:139,0
DA:140,0
DA:141,0
DA:142,0
DA:149,0
DA:154,0
DA:157,1
LF:72
LH:47
BRDA:26,1,0,2
BRDA:26,1,1,9
BRDA:42,2,0,0
BRDA:42,2,1,9
BRDA:45,3,0,58
BRDA:45,3,1,50
BRDA:48,4,0,9
BRDA:48,4,1,0
BRDA:55,5,0,9
BRDA:55,5,1,22
BRDA:129,6,0,0
BRDA:129,6,1,0
BRDA:138,7,0,0
BRDA:138,7,1,0
BRDA:141,8,0,0
BRDA:141,8,1,0
BRF:16
BRH:8
end_of_record
TN:
SF:/home/travis/build/coveo/search-ui/src/ui/Omnibox/QueryExtensionAddon.ts
FN:19,(anonymous_13028)
FN:24,QueryExtensionAddon
FN:25,(anonymous_13030)
FN:30,(anonymous_13031)
FN:41,(anonymous_13032)
FN:47,(anonymous_13033)
FN:64,(anonymous_13034)
FN:86,(anonymous_13035)
FN:93,(anonymous_13036)
FN:94,(anonymous_13037)
FN:95,(anonymous_13038)
FN:108,(anonymous_13039)
FN:115,(anonymous_13040)
FN:117,(anonymous_13041)
FN:119,(anonymous_13042)
FN:125,(anonymous_13043)
FN:136,(anonymous_13044)
FN:137,(anonymous_13045)
FN:138,(anonymous_13046)
FN:142,(anonymous_13047)
FN:147,(anonymous_13048)
FNF:21
FNH:9
FNDA:1,(anonymous_13028)
FNDA:1,QueryExtensionAddon
FNDA:1,(anonymous_13030)
FNDA:1,(anonymous_13031)
FNDA:0,(anonymous_13032)
FNDA:1,(anonymous_13033)
FNDA:0,(anonymous_13034)
FNDA:1,(anonymous_13035)
FNDA:1,(anonymous_13036)
FNDA:0,(anonymous_13037)
FNDA:0,(anonymous_13038)
FNDA:1,(anonymous_13039)
FNDA:1,(anonymous_13040)
FNDA:0,(anonymous_13041)
FNDA:0,(anonymous_13042)
FNDA:0,(anonymous_13043)
FNDA:0,(anonymous_13044)
FNDA:0,(anonymous_13045)
FNDA:0,(anonymous_13046)
FNDA:0,(anonymous_13047)
FNDA:0,(anonymous_13048)
DA:2,1
DA:5,1
DA:7,1
DA:19,1
DA:20,1
DA:22,1
DA:24,2
DA:25,1
DA:26,1
DA:30,1
DA:31,1
DA:32,1
DA:33,0
DA:35,1
DA:36,1
DA:37,0
DA:39,1
DA:40,1
DA:41,1
DA:42,0
DA:44,1
DA:47,1
DA:48,1
DA:49,1
DA:50,1
DA:51,1
DA:52,1
DA:53,1
DA:61,0
DA:62,0
DA:63,0
DA:65,0
DA:66,0
DA:71,0
DA:73,0
DA:83,0
DA:86,1
DA:87,1
DA:88,0
DA:90,1
DA:93,1
DA:94,1
DA:95,0
DA:96,0
DA:102,0
DA:108,1
DA:109,1
DA:110,1
DA:112,1
DA:115,1
DA:116,1
DA:117,1
DA:118,0
DA:120,0
DA:126,0
DA:131,0
DA:132,0
DA:136,1
DA:137,0
DA:138,0
DA:139,0
DA:140,0
DA:142,0
DA:147,1
DA:148,0
DA:150,1
LF:66
LH:40
BRDA:32,1,0,0
BRDA:32,1,1,1
BRDA:36,2,0,0
BRDA:36,2,1,1
BRDA:39,3,0,1
BRDA:39,3,1,0
BRDA:49,4,0,1
BRDA:49,4,1,0
BRDA:52,5,0,1
BRDA:52,5,1,0
BRDA:62,6,0,0
BRDA:62,6,1,0
BRDA:66,7,0,0
BRDA:66,7,1,0
BRDA:87,8,0,0
BRDA:87,8,1,1
BRDA:90,9,0,1
BRDA:90,9,1,1
BRDA:90,10,0,0
BRDA:90,10,1,1
BRDA:109,11,0,1
BRDA:109,11,1,0
BRDA:126,12,0,0
BRDA:126,12,1,0
BRDA:139,13,0,0
BRDA:139,13,1,0
BRF:26
BRH:10
end_of_record
TN:
SF:/home/travis/build/coveo/search-ui/src/ui/ResponsiveComponents/ResponsiveDefaultResultTemplate.ts
FN:9,(anonymous_13053)
FN:24,ResponsiveDefaultResultTemplate
FN:15,(anonymous_13055)
FN:29,(anonymous_13056)
FN:37,(anonymous_13057)
FN:44,(anonymous_13058)
FN:55,(anonymous_13059)
FN:64,(anonymous_13060)
FNF:8
FNH:2
FNDA:1,(anonymous_13053)
FNDA:0,ResponsiveDefaultResultTemplate
FNDA:101,(anonymous_13055)
FNDA:0,(anonymous_13056)
FNDA:0,(anonymous_13057)
FNDA:0,(anonymous_13058)
FNDA:0,(anonymous_13059)
FNDA:0,(anonymous_13060)
DA:1,1
DA:2,1
DA:3,1
DA:4,1
DA:5,1
DA:6,1
DA:9,1
DA:15,1
DA:16,101
DA:17,24
DA:18,24
DA:19,24
DA:21,77
DA:24,1
DA:25,0
DA:26,0
DA:29,1
DA:30,0
DA:31,0
DA:32,0
DA:34,0
DA:37,1
DA:38,0
DA:39,0
DA:40,0
DA:41,0
DA:42,0
DA:43,0
DA:44,0
DA:45,0
DA:48,0
DA:51,0
DA:52,0
DA:53,0
DA:54,0
DA:55,0
DA:56,0
DA:59,0
DA:64,1
DA:65,0
DA:67,1
LF:41
LH:18
BRDA:16,1,0,24
BRDA:16,1,1,77
BRDA:30,2,0,0
BRDA:30,2,1,0
BRDA:39,3,0,0
BRDA:39,3,1,0
BRDA:42,4,0,0
BRDA:42,4,1,0
BRDA:43,5,0,0
BRDA:43,5,1,0
BRDA:53,6,0,0
BRDA:53,6,1,0
BRDA:54,7,0,0
BRDA:54,7,1,0
BRF:14
BRH:2
end_of_record
TN:
SF:/home/travis/build/coveo/search-ui/src/ui/ResultList/ResultContainer.ts
FN:11,(anonymous_13062)
FN:16,ResultContainer
FN:20,(anonymous_13064)
FN:25,(anonymous_13065)
FN:29,(anonymous_13066)
FN:33,(anonymous_13067)
FN:34,(anonymous_13068)
FN:37,(anonymous_13069)
FN:41,(anonymous_13070)
FNF:9
FNH:8
FNDA:1,(anonymous_13062)
FNDA:112,ResultContainer
FNDA:50,(anonymous_13064)
FNDA:112,(anonymous_13065)
FNDA:5,(anonymous_13066)
FNDA:1,(anonymous_13067)
FNDA:0,(anonymous_13068)
FNDA:3,(anonymous_13069)
FNDA:110,(anonymous_13070)
DA:2,1
DA:11,1
DA:12,1
DA:16,112
DA:17,112
DA:20,1
DA:21,50
DA:22,50
DA:25,1
DA:26,112
DA:29,1
DA:30,5
DA:33,1
DA:34,1
DA:37,1
DA:38,3
DA:41,1
DA:42,110
DA:44,1
LF:19
LH:19
BRF:0
BRH:0
end_of_record
TN:
SF:/home/travis/build/coveo/search-ui/src/ui/ResultList/ResultListCardRenderer.ts
FN:5,(anonymous_13077)
FN:6,(anonymous_13079)
FN:7,(anonymous_13080)
FN:13,(anonymous_13081)
FN:17,(anonymous_13082)
FNF:5
FNH:4
FNDA:11,(anonymous_13077)
FNDA:2,(anonymous_13079)
FNDA:2,(anonymous_13080)
FNDA:0,(anonymous_13081)
FNDA:6,(anonymous_13082)
DA:1,1
DA:2,1
DA:3,1
DA:5,2
DA:6,3
DA:7,2
DA:8,2
DA:11,2
DA:12,0
DA:13,0
DA:16,2
DA:17,6
DA:18,2
DA:20,2
DA:23,1
LF:15
LH:13
BRDA:8,1,0,2
BRDA:8,1,1,0
BRDA:11,2,0,0
BRDA:11,2,1,2
BRF:4
BRH:2
end_of_record
TN:
SF:/home/travis/build/coveo/search-ui/src/ui/PrintableUri/PrintableUriFields.ts
FN:5,registerFields
FNF:1
FNH:1
FNDA:1,registerFields
DA:1,1
DA:3,1
DA:5,2
DA:6,1
LF:4
LH:4
BRF:0
BRH:0
end_of_record
TN:
SF:/home/travis/build/coveo/search-ui/src/ui/Quickview/DefaultQuickviewTemplate.ts
FN:4,(anonymous_13098)
FN:5,DefaultQuickviewTemplate
FN:9,(anonymous_13100)
FNF:3
FNH:3
FNDA:1,(anonymous_13098)
FNDA:98,DefaultQuickviewTemplate
FNDA:3,(anonymous_13100)
DA:1,1
DA:4,1
DA:5,1
DA:9,1
DA:10,3
DA:12,1
LF:6
LH:6
BRDA:6,1,0,98
BRDA:6,1,1,98
BRF:2
BRH:2
end_of_record
TN:
SF:/home/travis/build/coveo/search-ui/src/ui/Quickview/QuickviewFields.ts
FN:11,registerFields
FNF:1
FNH:1
FNDA:1,registerFields
DA:1,1
DA:3,1
DA:11,2
DA:12,1
LF:4
LH:4
BRF:0
BRH:0
end_of_record
TN:
SF:/home/travis/build/coveo/search-ui/src/ui/ResultAttachments/DefaultResultAttachmentTemplate.ts
FN:4,(anonymous_13111)
FN:5,DefaultResultAttachmentTemplate
FN:9,(anonymous_13113)
FNF:3
FNH:3
FNDA:1,(anonymous_13111)
FNDA:8,DefaultResultAttachmentTemplate
FNDA:6,(anonymous_13113)
DA:1,1
DA:4,1
DA:5,1
DA:9,1
DA:10,6
DA:12,1
LF:6
LH:6
BRDA:6,1,0,8
BRDA:6,1,1,8
BRF:2
BRH:2
end_of_record
TN:
SF:/home/travis/build/coveo/search-ui/src/ui/ResultFolding/DefaultFoldingTemplate.ts
FN:4,(anonymous_13122)
FN:5,DefaultFoldingTemplate
FN:9,(anonymous_13124)
FN:13,(anonymous_13125)
FNF:4
FNH:3
FNDA:1,(anonymous_13122)
FNDA:21,DefaultFoldingTemplate
FNDA:78,(anonymous_13124)
FNDA:0,(anonymous_13125)
DA:1,1
DA:4,1
DA:5,1
DA:9,1
DA:10,78
DA:13,1
DA:14,0
DA:16,1
LF:8
LH:7
BRDA:6,1,0,21
BRDA:6,1,1,21
BRF:2
BRH:2
end_of_record
TN:
SF:/home/travis/build/coveo/search-ui/src/ui/ResponsiveComponents/ResponsiveResultLayout.ts
FN:11,(anonymous_13129)
FN:24,ResponsiveResultLayout
FN:15,(anonymous_13131)
FN:28,(anonymous_13132)
FN:36,(anonymous_13133)
FN:46,(anonymous_13134)
FN:53,(anonymous_13135)
FN:64,(anonymous_13136)
FNF:8
FNH:2
FNDA:1,(anonymous_13129)
FNDA:0,ResponsiveResultLayout
FNDA:49,(anonymous_13131)
FNDA:0,(anonymous_13132)
FNDA:0,(anonymous_13133)
FNDA:0,(anonymous_13134)
FNDA:0,(anonymous_13135)
FNDA:0,(anonymous_13136)
DA:1,1
DA:2,1
DA:3,1
DA:4,1
DA:5,1
DA:7,1
DA:8,1
DA:11,1
DA:15,1
DA:16,49
DA:17,1
DA:18,1
DA:19,1
DA:21,48
DA:24,1
DA:25,0
DA:28,1
DA:29,0
DA:30,0
DA:31,0
DA:33,0
DA:36,1
DA:37,0
DA:38,0
DA:39,0
DA:40,0
DA:42,0
DA:46,1
DA:47,0
DA:48,0
DA:49,0
DA:50,0
DA:53,1
DA:54,0
DA:56,0
DA:58,0
DA:60,0
DA:64,1
DA:65,0
DA:67,0
DA:69,0
DA:71,0
DA:74,1
LF:43
LH:21
BRDA:16,1,0,1
BRDA:16,1,1,48
BRDA:29,2,0,0
BRDA:29,2,1,0
BRDA:37,3,0,0
BRDA:37,3,1,0
BRDA:39,4,0,0
BRDA:39,4,1,0
BRDA:55,5,0,0
BRDA:55,5,1,0
BRDA:55,5,2,0
BRDA:66,6,0,0
BRDA:66,6,1,0
BRDA:66,6,2,0
BRF:14
BRH:2
end_of_record
TN:
SF:/home/travis/build/coveo/search-ui/src/ui/ResultLink/ResultLinkFields.ts
FN:13,registerFields
FNF:1
FNH:1
FNDA:1,registerFields
DA:1,1
DA:3,1
DA:13,2
DA:14,1
LF:4
LH:4
BRF:0
BRH:0
end_of_record
TN:
SF:/home/travis/build/coveo/search-ui/src/ui/Text/Text.ts
FN:41,(anonymous_13158)
FN:132,Text
FN:44,(anonymous_13160)
FNF:3
FNH:2
FNDA:1,(anonymous_13158)
FNDA:0,Text
FNDA:1,(anonymous_13160)
DA:1,1
DA:2,1
DA:4,1
DA:5,1
DA:6,1
DA:8,1
DA:41,1
DA:42,1
DA:44,1
DA:45,1
DA:53,1
DA:132,1
DA:134,0
DA:135,0
DA:136,0
DA:137,0
DA:138,0
DA:139,0
DA:140,0
DA:141,0
DA:142,0
DA:143,0
DA:144,0
DA:145,0
DA:146,0
DA:147,0
DA:148,0
DA:150,1
DA:152,1
LF:29
LH:14
BRDA:133,1,0,0
BRDA:133,1,1,0
BRF:2
BRH:0
end_of_record
TN:
SF:/home/travis/build/coveo/search-ui/src/ui/Thumbnail/ThumbnailFields.ts
FN:12,registerFields
FNF:1
FNH:1
FNDA:1,registerFields
DA:1,1
DA:3,1
DA:12,2
DA:13,1
LF:4
LH:4
BRF:0
BRH:0
end_of_record
TN:
SF:/home/travis/build/coveo/search-ui/src/ui/YouTube/YouTubeThumbnailFields.ts
FN:5,registerFields
FNF:1
FNH:1
FNDA:1,registerFields
DA:1,1
DA:3,1
DA:5,2
DA:6,1
LF:4
LH:4
BRF:0
BRH:0
end_of_record
TN:
SF:/home/travis/build/coveo/search-ui/src/ui/SimpleFilter/SimpleFilterValues.ts
FN:8,(anonymous_13168)
FN:12,SimpleFilterValues
FN:14,(anonymous_13170)
FN:18,(anonymous_13171)
FN:22,(anonymous_13172)
FN:30,(anonymous_13173)
FN:35,(anonymous_13174)
FN:41,(anonymous_13175)
FNF:8
FNH:8
FNDA:1,(anonymous_13168)
FNDA:3,SimpleFilterValues
FNDA:3,(anonymous_13170)
FNDA:3,(anonymous_13171)
FNDA:5,(anonymous_13172)
FNDA:3,(anonymous_13173)
FNDA:3,(anonymous_13174)
FNDA:3,(anonymous_13175)
DA:1,1
DA:3,1
DA:8,1
DA:9,3
DA:12,3
DA:14,1
DA:15,3
DA:18,3
DA:19,3
DA:20,3
DA:21,3
DA:22,1
DA:23,5
DA:24,5
DA:30,1
DA:31,3
DA:32,3
DA:35,1
DA:36,3
DA:37,3
DA:38,3
DA:41,1
DA:42,3
DA:47,3
DA:49,1
LF:25
LH:25
BRDA:21,1,0,1
BRDA:21,1,1,2
BRDA:21,2,0,3
BRDA:21,2,1,1
BRDA:23,3,0,5
BRDA:23,3,1,0
BRF:6
BRH:5
end_of_record
TN:
SF:/home/travis/build/coveo/search-ui/src/SwapVar.ts
FN:8,swapVar
FN:12,(anonymous_13179)
FN:17,(anonymous_13180)
FN:23,__
FNF:4
FNH:2
FNDA:1,swapVar
FNDA:99,(anonymous_13179)
FNDA:0,(anonymous_13180)
FNDA:0,__
DA:1,1
DA:8,2
DA:9,1
DA:10,0
DA:12,1
DA:13,99
DA:16,1
DA:17,0
DA:18,0
DA:19,0
DA:20,0
DA:23,1
DA:24,0
DA:27,0
DA:29,0
LF:15
LH:7
BRDA:9,1,0,0
BRDA:9,1,1,1
BRDA:16,2,0,0
BRDA:16,2,1,1
BRDA:19,3,0,0
BRDA:19,3,1,0
BRDA:27,4,0,0
BRDA:27,4,1,0
BRF:8
BRH:2
end_of_record
TN:
SF:/home/travis/build/coveo/search-ui/src/ui/MLFacet/MLFacet.ts
FN:44,(anonymous_20039)
FN:201,MLFacet
FN:430,(anonymous_20041)
FN:216,(anonymous_20042)
FN:228,(anonymous_20043)
FN:241,(anonymous_20044)
FN:244,(anonymous_20045)
FN:258,(anonymous_20046)
FN:271,(anonymous_20047)
FN:274,(anonymous_20048)
FN:287,(anonymous_20049)
FN:300,(anonymous_20050)
FN:312,(anonymous_20051)
FN:326,(anonymous_20052)
FN:338,(anonymous_20053)
FN:345,(anonymous_20054)
FN:355,(anonymous_20055)
FN:369,(anonymous_20056)
FN:374,(anonymous_20057)
FN:375,(anonymous_20058)
FN:376,(anonymous_20059)
FN:377,(anonymous_20060)
FN:378,(anonymous_20061)
FN:381,(anonymous_20062)
FN:387,(anonymous_20063)
FN:389,(anonymous_20064)
FN:392,(anonymous_20065)
FN:396,(anonymous_20066)
FN:400,(anonymous_20067)
FN:407,(anonymous_20068)
FN:417,(anonymous_20069)
FN:441,(anonymous_20070)
FN:452,(anonymous_20071)
FN:457,(anonymous_20072)
FN:463,(anonymous_20073)
FN:467,(anonymous_20074)
FN:471,(anonymous_20075)
FN:477,(anonymous_20076)
FN:481,(anonymous_20077)
FN:489,(anonymous_20078)
FN:494,(anonymous_20079)
FN:499,(anonymous_20080)
FN:506,(anonymous_20081)
FN:46,(anonymous_20082)
FN:72,(anonymous_20083)
FN:123,(anonymous_20084)
FN:172,(anonymous_20085)
FNF:47
FNH:43
FNDA:1,(anonymous_20039)
FNDA:78,MLFacet
FNDA:2,(anonymous_20041)
FNDA:110,(anonymous_20042)
FNDA:6,(anonymous_20043)
FNDA:9,(anonymous_20044)
FNDA:15,(anonymous_20045)
FNDA:1,(anonymous_20046)
FNDA:2,(anonymous_20047)
FNDA:3,(anonymous_20048)
FNDA:3,(anonymous_20049)
FNDA:4,(anonymous_20050)
FNDA:2,(anonymous_20051)
FNDA:1,(anonymous_20052)
FNDA:2,(anonymous_20053)
FNDA:2,(anonymous_20054)
FNDA:3,(anonymous_20055)
FNDA:0,(anonymous_20056)
FNDA:78,(anonymous_20057)
FNDA:7,(anonymous_20058)
FNDA:7,(anonymous_20059)
FNDA:7,(anonymous_20060)
FNDA:0,(anonymous_20061)
FNDA:78,(anonymous_20062)
FNDA:78,(anonymous_20063)
FNDA:2,(anonymous_20064)
FNDA:0,(anonymous_20065)
FNDA:78,(anonymous_20066)
FNDA:7,(anonymous_20067)
FNDA:7,(anonymous_20068)
FNDA:12,(anonymous_20069)
FNDA:2,(anonymous_20070)
FNDA:31,(anonymous_20071)
FNDA:31,(anonymous_20072)
FNDA:31,(anonymous_20073)
FNDA:14,(anonymous_20074)
FNDA:15,(anonymous_20075)
FNDA:15,(anonymous_20076)
FNDA:51,(anonymous_20077)
FNDA:7,(anonymous_20078)
FNDA:7,(anonymous_20079)
FNDA:0,(anonymous_20080)
FNDA:7,(anonymous_20081)
FNDA:1,(anonymous_20082)
FNDA:78,(anonymous_20083)
FNDA:78,(anonymous_20084)
FNDA:44,(anonymous_20085)
DA:1,1
DA:2,1
DA:3,1
DA:4,1
DA:5,1
DA:7,1
DA:8,1
DA:9,1
DA:10,1
DA:11,1
DA:12,1
DA:13,1
DA:14,1
DA:15,1
DA:16,1
DA:17,1
DA:18,1
DA:19,1
DA:23,1
DA:24,1
DA:25,1
DA:26,1
DA:44,1
DA:45,1
DA:46,1
DA:52,1
DA:72,131
DA:73,78
DA:74,78
DA:75,78
DA:76,25
DA:79,53
DA:123,78
DA:172,44
DA:189,78
DA:201,79
DA:203,78
DA:205,78
DA:206,78
DA:207,78
DA:208,78
DA:210,78
DA:211,78
DA:213,78
DA:216,1
DA:217,110
DA:228,1
DA:229,6
DA:230,6
DA:241,9
DA:242,9
DA:243,9
DA:244,9
DA:245,15
DA:247,9
DA:258,1
DA:259,1
DA:260,1
DA:271,2
DA:272,2
DA:273,2
DA:274,2
DA:275,3
DA:277,2
DA:287,1
DA:288,3
DA:289,3
DA:290,3
DA:291,3
DA:300,6
DA:301,4
DA:302,4
DA:303,4
DA:304,4
DA:312,1
DA:313,2
DA:314,2
DA:315,2
DA:316,2
DA:326,1
DA:327,1
DA:328,1
DA:329,1
DA:330,1
DA:331,1
DA:332,1
DA:338,1
DA:339,2
DA:345,1
DA:346,2
DA:347,2
DA:348,2
DA:349,2
DA:355,1
DA:356,3
DA:357,3
DA:358,3
DA:359,3
DA:369,1
DA:370,0
DA:371,0
DA:374,78
DA:375,78
DA:376,78
DA:377,78
DA:378,78
DA:381,1
DA:382,78
DA:383,78
DA:384,78
DA:387,78
DA:388,78
DA:389,77
DA:390,2
DA:392,77
DA:396,1
DA:397,78
DA:400,1
DA:401,7
DA:402,7
DA:403,7
DA:404,7
DA:407,1
DA:408,7
DA:409,7
DA:412,0
DA:414,0
DA:417,1
DA:418,12
DA:419,10
DA:422,2
DA:423,2
DA:424,0
DA:427,2
DA:430,78
DA:431,2
DA:432,2
DA:433,2
DA:434,0
DA:436,2
DA:437,2
DA:441,1
DA:442,2
DA:444,2
DA:445,0
DA:448,2
DA:449,2
DA:452,1
DA:453,31
DA:454,31
DA:457,1
DA:458,31
DA:459,31
DA:460,31
DA:463,1
DA:464,31
DA:467,1
DA:468,14
DA:471,1
DA:472,15
DA:473,15
DA:474,15
DA:477,1
DA:478,15
DA:481,1
DA:482,51
DA:483,51
DA:484,51
DA:485,51
DA:486,51
DA:489,1
DA:490,7
DA:491,7
DA:494,1
DA:495,7
DA:496,7
DA:499,1
DA:500,0
DA:501,0
DA:502,0
DA:503,0
DA:506,1
DA:507,7
DA:508,7
DA:509,7
DA:511,1
DA:513,1
DA:514,1
LF:188
LH:177
BRDA:202,1,0,78
BRDA:202,1,1,0
BRDA:433,2,0,0
BRDA:433,2,1,2
BRDA:436,3,0,2
BRDA:436,3,1,0
BRDA:211,4,0,78
BRDA:211,4,1,1
BRDA:300,5,0,2
BRDA:300,5,1,2
BRDA:339,6,0,1
BRDA:339,6,1,1
BRDA:388,7,0,77
BRDA:388,7,1,1
BRDA:408,8,0,7
BRDA:408,8,1,0
BRDA:418,9,0,10
BRDA:418,9,1,2
BRDA:423,10,0,0
BRDA:423,10,1,2
BRDA:444,11,0,0
BRDA:444,11,1,2
BRDA:501,12,0,0
BRDA:501,12,1,0
BRDA:72,13,0,53
BRDA:72,13,1,25
BRDA:75,14,0,25
BRDA:75,14,1,53
BRDA:123,15,0,1
BRDA:123,15,1,77
BRDA:172,16,0,0
BRDA:172,16,1,44
BRF:32
BRH:23
end_of_record
